modelname,time,epoch,accuracy,loss,test_accuracy,test_loss
conv-32-64-128-lin-512-2-model-1588009585,1588009585.912,0,0.52,0.2496,0.53,0.2497
conv-32-64-128-lin-512-2-model-1588009585,1588009586.084,0,0.52,0.2506,0.5,0.2506
conv-32-64-128-lin-512-2-model-1588009585,1588009586.253,0,0.51,0.2498,0.47,0.25
conv-32-64-128-lin-512-2-model-1588009585,1588009586.416,0,0.5,0.2503,0.47,0.2512
conv-32-64-128-lin-512-2-model-1588009585,1588009586.58,0,0.46,0.2511,0.5,0.2509
conv-32-64-128-lin-512-2-model-1588009585,1588009586.742,0,0.56,0.2485,0.47,0.252
conv-32-64-128-lin-512-2-model-1588009585,1588009586.904,0,0.68,0.2325,0.56,0.2456
conv-32-64-128-lin-512-2-model-1588009585,1588009587.063,0,0.63,0.2365,0.34,0.2733
conv-32-64-128-lin-512-2-model-1588009585,1588009587.222,0,0.57,0.2425,0.53,0.2447
conv-32-64-128-lin-512-2-model-1588009585,1588009587.381,0,0.52,0.2491,0.41,0.2472
conv-32-64-128-lin-512-2-model-1588009585,1588009587.543,0,0.6,0.2387,0.47,0.248
conv-32-64-128-lin-512-2-model-1588009585,1588009587.705,0,0.44,0.2537,0.66,0.2297
conv-32-64-128-lin-512-2-model-1588009585,1588009587.866,0,0.51,0.2517,0.56,0.2537
conv-32-64-128-lin-512-2-model-1588009585,1588009588.024,0,0.54,0.238,0.59,0.2529
conv-32-64-128-lin-512-2-model-1588009585,1588009588.184,0,0.61,0.2413,0.56,0.2487
conv-32-64-128-lin-512-2-model-1588009585,1588009588.345,0,0.55,0.2385,0.59,0.2491
conv-32-64-128-lin-512-2-model-1588009585,1588009588.506,0,0.55,0.2457,0.47,0.2562
conv-32-64-128-lin-512-2-model-1588009585,1588009588.666,0,0.55,0.2444,0.56,0.247
conv-32-64-128-lin-512-2-model-1588009585,1588009588.827,0,0.55,0.246,0.5,0.2338
conv-32-64-128-lin-512-2-model-1588009585,1588009588.988,0,0.51,0.2452,0.62,0.2469
conv-32-64-128-lin-512-2-model-1588009585,1588009589.148,0,0.58,0.2341,0.5,0.2417
conv-32-64-128-lin-512-2-model-1588009585,1588009589.309,0,0.54,0.2481,0.47,0.2574
conv-32-64-128-lin-512-2-model-1588009585,1588009589.471,0,0.54,0.2484,0.53,0.2713
conv-32-64-128-lin-512-2-model-1588009585,1588009589.63,0,0.52,0.2535,0.59,0.2395
conv-32-64-128-lin-512-2-model-1588009585,1588009589.789,0,0.43,0.2539,0.59,0.2375
conv-32-64-128-lin-512-2-model-1588009585,1588009589.949,0,0.53,0.2504,0.41,0.2585
conv-32-64-128-lin-512-2-model-1588009585,1588009590.111,0,0.55,0.2423,0.62,0.232
conv-32-64-128-lin-512-2-model-1588009585,1588009590.274,0,0.61,0.2384,0.56,0.2595
conv-32-64-128-lin-512-2-model-1588009585,1588009590.436,0,0.6,0.2479,0.47,0.2694
conv-32-64-128-lin-512-2-model-1588009585,1588009590.596,0,0.56,0.251,0.59,0.2462
conv-32-64-128-lin-512-2-model-1588009585,1588009590.758,0,0.59,0.2338,0.59,0.2446
conv-32-64-128-lin-512-2-model-1588009585,1588009590.918,0,0.63,0.2285,0.56,0.2339
conv-32-64-128-lin-512-2-model-1588009585,1588009591.079,0,0.66,0.2366,0.56,0.2374
conv-32-64-128-lin-512-2-model-1588009585,1588009591.24,0,0.58,0.2387,0.44,0.2382
conv-32-64-128-lin-512-2-model-1588009585,1588009591.4,0,0.47,0.2468,0.72,0.2326
conv-32-64-128-lin-512-2-model-1588009585,1588009591.56,0,0.56,0.2361,0.66,0.2373
conv-32-64-128-lin-512-2-model-1588009585,1588009591.719,0,0.55,0.2374,0.69,0.2037
conv-32-64-128-lin-512-2-model-1588009585,1588009591.879,0,0.64,0.2415,0.53,0.2532
conv-32-64-128-lin-512-2-model-1588009585,1588009592.04,0,0.64,0.2314,0.53,0.2459
conv-32-64-128-lin-512-2-model-1588009585,1588009592.2,0,0.53,0.2477,0.66,0.2311
conv-32-64-128-lin-512-2-model-1588009585,1588009592.36,0,0.56,0.2451,0.69,0.2162
conv-32-64-128-lin-512-2-model-1588009585,1588009592.522,0,0.63,0.2316,0.72,0.224
conv-32-64-128-lin-512-2-model-1588009585,1588009592.685,0,0.6,0.2402,0.72,0.2092
conv-32-64-128-lin-512-2-model-1588009585,1588009592.846,0,0.65,0.2282,0.66,0.2194
conv-32-64-128-lin-512-2-model-1588009585,1588009593.006,0,0.57,0.2247,0.69,0.2156
conv-32-64-128-lin-512-2-model-1588009585,1588009593.147,1,0.58,0.2691,0.66,0.2297
conv-32-64-128-lin-512-2-model-1588009585,1588009593.308,1,0.69,0.2291,0.59,0.249
conv-32-64-128-lin-512-2-model-1588009585,1588009593.468,1,0.67,0.2258,0.72,0.2161
conv-32-64-128-lin-512-2-model-1588009585,1588009593.63,1,0.61,0.2346,0.59,0.2374
conv-32-64-128-lin-512-2-model-1588009585,1588009593.789,1,0.69,0.2217,0.69,0.2221
conv-32-64-128-lin-512-2-model-1588009585,1588009593.949,1,0.6,0.2262,0.62,0.232
conv-32-64-128-lin-512-2-model-1588009585,1588009594.113,1,0.7,0.1988,0.62,0.2232
conv-32-64-128-lin-512-2-model-1588009585,1588009594.273,1,0.62,0.2201,0.53,0.2559
conv-32-64-128-lin-512-2-model-1588009585,1588009594.435,1,0.7,0.2112,0.59,0.2442
conv-32-64-128-lin-512-2-model-1588009585,1588009594.594,1,0.67,0.2195,0.5,0.2455
conv-32-64-128-lin-512-2-model-1588009585,1588009594.753,1,0.65,0.2333,0.62,0.2264
conv-32-64-128-lin-512-2-model-1588009585,1588009594.914,1,0.68,0.2204,0.69,0.2204
conv-32-64-128-lin-512-2-model-1588009585,1588009595.077,1,0.65,0.2296,0.56,0.2594
conv-32-64-128-lin-512-2-model-1588009585,1588009595.238,1,0.68,0.2165,0.59,0.2152
conv-32-64-128-lin-512-2-model-1588009585,1588009595.399,1,0.63,0.227,0.56,0.2399
conv-32-64-128-lin-512-2-model-1588009585,1588009595.56,1,0.71,0.2007,0.47,0.2762
conv-32-64-128-lin-512-2-model-1588009585,1588009595.721,1,0.75,0.1977,0.44,0.3005
conv-32-64-128-lin-512-2-model-1588009585,1588009595.88,1,0.65,0.2308,0.62,0.2277
conv-32-64-128-lin-512-2-model-1588009585,1588009596.041,1,0.66,0.217,0.59,0.2229
conv-32-64-128-lin-512-2-model-1588009585,1588009596.2,1,0.67,0.2253,0.72,0.2187
conv-32-64-128-lin-512-2-model-1588009585,1588009596.361,1,0.63,0.2235,0.62,0.2214
conv-32-64-128-lin-512-2-model-1588009585,1588009596.523,1,0.67,0.2118,0.69,0.1952
conv-32-64-128-lin-512-2-model-1588009585,1588009596.683,1,0.72,0.1802,0.75,0.1689
conv-32-64-128-lin-512-2-model-1588009585,1588009596.843,1,0.66,0.2037,0.69,0.2118
conv-32-64-128-lin-512-2-model-1588009585,1588009597.008,1,0.63,0.2155,0.69,0.2065
conv-32-64-128-lin-512-2-model-1588009585,1588009597.168,1,0.57,0.234,0.78,0.2052
conv-32-64-128-lin-512-2-model-1588009585,1588009597.326,1,0.65,0.2116,0.66,0.2295
conv-32-64-128-lin-512-2-model-1588009585,1588009597.486,1,0.67,0.2107,0.62,0.2037
conv-32-64-128-lin-512-2-model-1588009585,1588009597.648,1,0.64,0.2288,0.59,0.2238
conv-32-64-128-lin-512-2-model-1588009585,1588009597.809,1,0.63,0.2091,0.59,0.2498
conv-32-64-128-lin-512-2-model-1588009585,1588009597.968,1,0.72,0.1909,0.66,0.209
conv-32-64-128-lin-512-2-model-1588009585,1588009598.13,1,0.73,0.1815,0.56,0.2564
conv-32-64-128-lin-512-2-model-1588009585,1588009598.292,1,0.63,0.2125,0.47,0.243
conv-32-64-128-lin-512-2-model-1588009585,1588009598.451,1,0.68,0.1988,0.78,0.1597
conv-32-64-128-lin-512-2-model-1588009585,1588009598.613,1,0.68,0.2183,0.66,0.2392
conv-32-64-128-lin-512-2-model-1588009585,1588009598.774,1,0.76,0.167,0.62,0.1863
conv-32-64-128-lin-512-2-model-1588009585,1588009598.935,1,0.7,0.2009,0.56,0.2526
conv-32-64-128-lin-512-2-model-1588009585,1588009599.095,1,0.76,0.1831,0.84,0.138
conv-32-64-128-lin-512-2-model-1588009585,1588009599.253,1,0.68,0.2146,0.72,0.1824
conv-32-64-128-lin-512-2-model-1588009585,1588009599.414,1,0.65,0.2105,0.81,0.1672
conv-32-64-128-lin-512-2-model-1588009585,1588009599.578,1,0.7,0.1925,0.56,0.2316
conv-32-64-128-lin-512-2-model-1588009585,1588009599.739,1,0.72,0.1961,0.75,0.212
conv-32-64-128-lin-512-2-model-1588009585,1588009599.899,1,0.75,0.189,0.69,0.2285
conv-32-64-128-lin-512-2-model-1588009585,1588009600.062,1,0.73,0.1936,0.75,0.2179
conv-32-64-128-lin-512-2-model-1588009585,1588009600.222,1,0.7,0.1722,0.72,0.2149
conv-32-64-128-lin-512-2-model-1588009585,1588009600.361,2,0.61,0.2757,0.66,0.2303
conv-32-64-128-lin-512-2-model-1588009585,1588009600.524,2,0.64,0.218,0.75,0.1936
conv-32-64-128-lin-512-2-model-1588009585,1588009600.685,2,0.67,0.2024,0.69,0.2314
conv-32-64-128-lin-512-2-model-1588009585,1588009600.848,2,0.76,0.1706,0.81,0.1577
conv-32-64-128-lin-512-2-model-1588009585,1588009601.011,2,0.68,0.2122,0.66,0.2254
conv-32-64-128-lin-512-2-model-1588009585,1588009601.174,2,0.72,0.1872,0.69,0.2226
conv-32-64-128-lin-512-2-model-1588009585,1588009601.337,2,0.75,0.1619,0.84,0.1332
conv-32-64-128-lin-512-2-model-1588009585,1588009601.503,2,0.78,0.1615,0.81,0.1593
conv-32-64-128-lin-512-2-model-1588009585,1588009601.666,2,0.73,0.1732,0.59,0.2459
conv-32-64-128-lin-512-2-model-1588009585,1588009601.828,2,0.72,0.1947,0.75,0.17
conv-32-64-128-lin-512-2-model-1588009585,1588009601.989,2,0.73,0.1836,0.75,0.155
conv-32-64-128-lin-512-2-model-1588009585,1588009602.152,2,0.76,0.1744,0.75,0.1989
conv-32-64-128-lin-512-2-model-1588009585,1588009602.314,2,0.7,0.2048,0.72,0.1918
conv-32-64-128-lin-512-2-model-1588009585,1588009602.481,2,0.72,0.1967,0.62,0.237
conv-32-64-128-lin-512-2-model-1588009585,1588009602.642,2,0.69,0.1961,0.69,0.1995
conv-32-64-128-lin-512-2-model-1588009585,1588009602.805,2,0.75,0.1572,0.75,0.1682
conv-32-64-128-lin-512-2-model-1588009585,1588009602.965,2,0.79,0.1704,0.75,0.1869
conv-32-64-128-lin-512-2-model-1588009585,1588009603.127,2,0.72,0.1919,0.78,0.1712
conv-32-64-128-lin-512-2-model-1588009585,1588009603.29,2,0.75,0.1795,0.81,0.1521
conv-32-64-128-lin-512-2-model-1588009585,1588009603.451,2,0.67,0.1958,0.75,0.1919
conv-32-64-128-lin-512-2-model-1588009585,1588009603.639,2,0.76,0.1818,0.75,0.1491
conv-32-64-128-lin-512-2-model-1588009585,1588009603.826,2,0.75,0.1906,0.84,0.1517
conv-32-64-128-lin-512-2-model-1588009585,1588009603.994,2,0.78,0.1495,0.66,0.1677
conv-32-64-128-lin-512-2-model-1588009585,1588009604.164,2,0.75,0.1655,0.69,0.2199
conv-32-64-128-lin-512-2-model-1588009585,1588009604.327,2,0.77,0.1624,0.84,0.1213
conv-32-64-128-lin-512-2-model-1588009585,1588009604.491,2,0.68,0.1952,0.75,0.1735
conv-32-64-128-lin-512-2-model-1588009585,1588009604.651,2,0.76,0.1685,0.72,0.2158
conv-32-64-128-lin-512-2-model-1588009585,1588009604.812,2,0.68,0.1908,0.78,0.1718
conv-32-64-128-lin-512-2-model-1588009585,1588009604.972,2,0.71,0.206,0.69,0.2343
conv-32-64-128-lin-512-2-model-1588009585,1588009605.134,2,0.7,0.1801,0.78,0.1637
conv-32-64-128-lin-512-2-model-1588009585,1588009605.293,2,0.77,0.1738,0.81,0.1046
conv-32-64-128-lin-512-2-model-1588009585,1588009605.452,2,0.8,0.1488,0.69,0.1644
conv-32-64-128-lin-512-2-model-1588009585,1588009605.614,2,0.68,0.2053,0.75,0.1885
conv-32-64-128-lin-512-2-model-1588009585,1588009605.78,2,0.68,0.1814,0.81,0.1586
conv-32-64-128-lin-512-2-model-1588009585,1588009605.951,2,0.63,0.1993,0.78,0.1725
conv-32-64-128-lin-512-2-model-1588009585,1588009606.119,2,0.75,0.1504,0.62,0.2138
conv-32-64-128-lin-512-2-model-1588009585,1588009606.283,2,0.72,0.174,0.75,0.1698
conv-32-64-128-lin-512-2-model-1588009585,1588009606.447,2,0.74,0.1596,0.88,0.118
conv-32-64-128-lin-512-2-model-1588009585,1588009606.611,2,0.74,0.184,0.69,0.1874
conv-32-64-128-lin-512-2-model-1588009585,1588009606.775,2,0.68,0.1846,0.72,0.1869
conv-32-64-128-lin-512-2-model-1588009585,1588009606.936,2,0.79,0.1591,0.81,0.131
conv-32-64-128-lin-512-2-model-1588009585,1588009607.101,2,0.72,0.1752,0.72,0.1648
conv-32-64-128-lin-512-2-model-1588009585,1588009607.263,2,0.8,0.151,0.75,0.1693
conv-32-64-128-lin-512-2-model-1588009585,1588009607.424,2,0.72,0.1708,0.78,0.138
conv-32-64-128-lin-512-2-model-1588009585,1588009607.587,2,0.77,0.146,0.81,0.1176
conv-32-64-128-lin-512-2-model-1588009585,1588009607.731,3,0.66,0.209,0.78,0.1835
conv-32-64-128-lin-512-2-model-1588009585,1588009607.894,3,0.72,0.1975,0.69,0.2299
conv-32-64-128-lin-512-2-model-1588009585,1588009608.056,3,0.72,0.1775,0.78,0.153
conv-32-64-128-lin-512-2-model-1588009585,1588009608.218,3,0.84,0.1245,0.72,0.2071
conv-32-64-128-lin-512-2-model-1588009585,1588009608.382,3,0.67,0.2096,0.81,0.1333
conv-32-64-128-lin-512-2-model-1588009585,1588009608.547,3,0.82,0.1491,0.59,0.2212
conv-32-64-128-lin-512-2-model-1588009585,1588009608.711,3,0.79,0.1501,0.84,0.1703
conv-32-64-128-lin-512-2-model-1588009585,1588009608.882,3,0.85,0.1393,0.84,0.143
conv-32-64-128-lin-512-2-model-1588009585,1588009609.046,3,0.81,0.1315,0.84,0.1469
conv-32-64-128-lin-512-2-model-1588009585,1588009609.213,3,0.75,0.1661,0.84,0.1254
conv-32-64-128-lin-512-2-model-1588009585,1588009609.377,3,0.77,0.1496,0.84,0.1358
conv-32-64-128-lin-512-2-model-1588009585,1588009609.542,3,0.82,0.1505,0.62,0.2256
conv-32-64-128-lin-512-2-model-1588009585,1588009609.706,3,0.82,0.1489,0.59,0.2348
conv-32-64-128-lin-512-2-model-1588009585,1588009609.88,3,0.82,0.1395,0.69,0.2091
conv-32-64-128-lin-512-2-model-1588009585,1588009610.044,3,0.77,0.151,0.88,0.108
conv-32-64-128-lin-512-2-model-1588009585,1588009610.208,3,0.78,0.1533,0.69,0.1982
conv-32-64-128-lin-512-2-model-1588009585,1588009610.369,3,0.78,0.1709,0.72,0.1831
conv-32-64-128-lin-512-2-model-1588009585,1588009610.532,3,0.77,0.1677,0.69,0.1983
conv-32-64-128-lin-512-2-model-1588009585,1588009610.693,3,0.81,0.1499,0.78,0.1728
conv-32-64-128-lin-512-2-model-1588009585,1588009610.86,3,0.75,0.1654,0.72,0.1652
conv-32-64-128-lin-512-2-model-1588009585,1588009611.026,3,0.8,0.1463,0.84,0.156
conv-32-64-128-lin-512-2-model-1588009585,1588009611.188,3,0.77,0.1728,0.69,0.1779
conv-32-64-128-lin-512-2-model-1588009585,1588009611.35,3,0.84,0.1289,0.59,0.2136
conv-32-64-128-lin-512-2-model-1588009585,1588009611.513,3,0.81,0.138,0.72,0.1638
conv-32-64-128-lin-512-2-model-1588009585,1588009611.674,3,0.83,0.124,0.69,0.1866
conv-32-64-128-lin-512-2-model-1588009585,1588009611.837,3,0.76,0.1794,0.72,0.2107
conv-32-64-128-lin-512-2-model-1588009585,1588009611.997,3,0.79,0.1503,0.78,0.1622
conv-32-64-128-lin-512-2-model-1588009585,1588009612.158,3,0.77,0.1637,0.66,0.1673
conv-32-64-128-lin-512-2-model-1588009585,1588009612.32,3,0.74,0.1825,0.78,0.1727
conv-32-64-128-lin-512-2-model-1588009585,1588009612.485,3,0.74,0.1527,0.81,0.1497
conv-32-64-128-lin-512-2-model-1588009585,1588009612.648,3,0.83,0.1499,0.84,0.1495
conv-32-64-128-lin-512-2-model-1588009585,1588009612.809,3,0.81,0.1261,0.81,0.128
conv-32-64-128-lin-512-2-model-1588009585,1588009612.971,3,0.74,0.188,0.69,0.2179
conv-32-64-128-lin-512-2-model-1588009585,1588009613.134,3,0.75,0.1575,0.78,0.1359
conv-32-64-128-lin-512-2-model-1588009585,1588009613.296,3,0.72,0.1733,0.69,0.1873
conv-32-64-128-lin-512-2-model-1588009585,1588009613.457,3,0.81,0.1351,0.59,0.2279
conv-32-64-128-lin-512-2-model-1588009585,1588009613.62,3,0.8,0.1459,0.81,0.1281
conv-32-64-128-lin-512-2-model-1588009585,1588009613.784,3,0.76,0.1423,0.72,0.1522
conv-32-64-128-lin-512-2-model-1588009585,1588009613.945,3,0.79,0.1559,0.69,0.232
conv-32-64-128-lin-512-2-model-1588009585,1588009614.107,3,0.7,0.1774,0.78,0.1187
conv-32-64-128-lin-512-2-model-1588009585,1588009614.269,3,0.85,0.1195,0.84,0.1663
conv-32-64-128-lin-512-2-model-1588009585,1588009614.434,3,0.75,0.1615,0.81,0.1535
conv-32-64-128-lin-512-2-model-1588009585,1588009614.595,3,0.8,0.1261,0.75,0.1625
conv-32-64-128-lin-512-2-model-1588009585,1588009614.756,3,0.78,0.1429,0.88,0.1445
conv-32-64-128-lin-512-2-model-1588009585,1588009614.918,3,0.82,0.1304,0.75,0.1714
conv-32-64-128-lin-512-2-model-1588009585,1588009615.06,4,0.71,0.1951,0.62,0.2926
conv-32-64-128-lin-512-2-model-1588009585,1588009615.223,4,0.7,0.1837,0.66,0.2077
conv-32-64-128-lin-512-2-model-1588009585,1588009615.385,4,0.77,0.1452,0.56,0.2354
conv-32-64-128-lin-512-2-model-1588009585,1588009615.55,4,0.87,0.1027,0.59,0.1962
conv-32-64-128-lin-512-2-model-1588009585,1588009615.712,4,0.71,0.1866,0.78,0.1709
conv-32-64-128-lin-512-2-model-1588009585,1588009615.876,4,0.85,0.1103,0.75,0.1663
conv-32-64-128-lin-512-2-model-1588009585,1588009616.038,4,0.76,0.1595,0.69,0.2043
conv-32-64-128-lin-512-2-model-1588009585,1588009616.201,4,0.84,0.1398,0.62,0.2475
conv-32-64-128-lin-512-2-model-1588009585,1588009616.378,4,0.85,0.1053,0.81,0.1206
conv-32-64-128-lin-512-2-model-1588009585,1588009616.574,4,0.79,0.1346,0.75,0.202
conv-32-64-128-lin-512-2-model-1588009585,1588009616.754,4,0.81,0.126,0.81,0.153
conv-32-64-128-lin-512-2-model-1588009585,1588009616.928,4,0.87,0.1205,0.69,0.1813
conv-32-64-128-lin-512-2-model-1588009585,1588009617.103,4,0.81,0.136,0.72,0.1687
conv-32-64-128-lin-512-2-model-1588009585,1588009617.264,4,0.83,0.1309,0.97,0.0775
conv-32-64-128-lin-512-2-model-1588009585,1588009617.423,4,0.82,0.1247,0.84,0.1372
conv-32-64-128-lin-512-2-model-1588009585,1588009617.596,4,0.8,0.1293,0.84,0.1002
conv-32-64-128-lin-512-2-model-1588009585,1588009617.758,4,0.83,0.1353,0.69,0.1977
conv-32-64-128-lin-512-2-model-1588009585,1588009617.922,4,0.79,0.1522,0.69,0.2072
conv-32-64-128-lin-512-2-model-1588009585,1588009618.09,4,0.74,0.1569,0.69,0.209
conv-32-64-128-lin-512-2-model-1588009585,1588009618.254,4,0.78,0.1633,0.75,0.1974
conv-32-64-128-lin-512-2-model-1588009585,1588009618.416,4,0.82,0.1317,0.78,0.1534
conv-32-64-128-lin-512-2-model-1588009585,1588009618.577,4,0.75,0.1633,0.72,0.2082
conv-32-64-128-lin-512-2-model-1588009585,1588009618.737,4,0.84,0.1215,0.84,0.0919
conv-32-64-128-lin-512-2-model-1588009585,1588009618.895,4,0.84,0.113,0.78,0.1605
conv-32-64-128-lin-512-2-model-1588009585,1588009619.054,4,0.89,0.0987,0.69,0.1986
conv-32-64-128-lin-512-2-model-1588009585,1588009619.216,4,0.79,0.1674,0.62,0.2339
conv-32-64-128-lin-512-2-model-1588009585,1588009619.375,4,0.83,0.1349,0.75,0.1467
conv-32-64-128-lin-512-2-model-1588009585,1588009619.535,4,0.77,0.1538,0.75,0.1856
conv-32-64-128-lin-512-2-model-1588009585,1588009619.696,4,0.73,0.163,0.75,0.1885
conv-32-64-128-lin-512-2-model-1588009585,1588009619.86,4,0.83,0.1262,0.75,0.175
conv-32-64-128-lin-512-2-model-1588009585,1588009620.024,4,0.8,0.1448,0.72,0.1986
conv-32-64-128-lin-512-2-model-1588009585,1588009620.185,4,0.85,0.1021,0.78,0.1499
conv-32-64-128-lin-512-2-model-1588009585,1588009620.348,4,0.76,0.1607,0.72,0.2059
conv-32-64-128-lin-512-2-model-1588009585,1588009620.512,4,0.83,0.1262,0.81,0.1075
conv-32-64-128-lin-512-2-model-1588009585,1588009620.674,4,0.83,0.1263,0.84,0.1285
conv-32-64-128-lin-512-2-model-1588009585,1588009620.837,4,0.87,0.1069,0.72,0.1664
conv-32-64-128-lin-512-2-model-1588009585,1588009620.997,4,0.82,0.1297,0.88,0.1268
conv-32-64-128-lin-512-2-model-1588009585,1588009621.159,4,0.84,0.1208,0.69,0.1823
conv-32-64-128-lin-512-2-model-1588009585,1588009621.319,4,0.82,0.1305,0.81,0.1105
conv-32-64-128-lin-512-2-model-1588009585,1588009621.482,4,0.78,0.1576,0.94,0.0556
conv-32-64-128-lin-512-2-model-1588009585,1588009621.645,4,0.86,0.1043,0.84,0.0766
conv-32-64-128-lin-512-2-model-1588009585,1588009621.81,4,0.79,0.1329,0.94,0.0653
conv-32-64-128-lin-512-2-model-1588009585,1588009621.972,4,0.87,0.0904,0.66,0.2399
conv-32-64-128-lin-512-2-model-1588009585,1588009622.133,4,0.83,0.1211,0.78,0.171
conv-32-64-128-lin-512-2-model-1588009585,1588009622.293,4,0.82,0.1143,0.66,0.2113
conv-32-64-128-lin-512-2-model-1588009585,1588009622.434,5,0.75,0.1742,0.62,0.269
conv-32-64-128-lin-512-2-model-1588009585,1588009622.595,5,0.76,0.1338,0.53,0.266
conv-32-64-128-lin-512-2-model-1588009585,1588009622.756,5,0.84,0.123,0.75,0.1408
conv-32-64-128-lin-512-2-model-1588009585,1588009622.918,5,0.84,0.0979,0.81,0.1187
conv-32-64-128-lin-512-2-model-1588009585,1588009623.08,5,0.72,0.1666,0.66,0.221
conv-32-64-128-lin-512-2-model-1588009585,1588009623.246,5,0.91,0.0903,0.84,0.1372
conv-32-64-128-lin-512-2-model-1588009585,1588009623.409,5,0.76,0.149,0.75,0.1767
conv-32-64-128-lin-512-2-model-1588009585,1588009623.571,5,0.86,0.1115,0.66,0.2439
conv-32-64-128-lin-512-2-model-1588009585,1588009623.732,5,0.88,0.0903,0.81,0.1224
conv-32-64-128-lin-512-2-model-1588009585,1588009623.892,5,0.79,0.1421,0.78,0.1491
conv-32-64-128-lin-512-2-model-1588009585,1588009624.054,5,0.81,0.1273,0.72,0.1581
conv-32-64-128-lin-512-2-model-1588009585,1588009624.218,5,0.87,0.1204,0.78,0.1749
conv-32-64-128-lin-512-2-model-1588009585,1588009624.38,5,0.8,0.1271,0.75,0.2333
conv-32-64-128-lin-512-2-model-1588009585,1588009624.542,5,0.86,0.1162,0.75,0.1161
conv-32-64-128-lin-512-2-model-1588009585,1588009624.703,5,0.86,0.1151,0.78,0.1908
conv-32-64-128-lin-512-2-model-1588009585,1588009624.865,5,0.84,0.1151,0.81,0.1372
conv-32-64-128-lin-512-2-model-1588009585,1588009625.027,5,0.81,0.1233,0.84,0.167
conv-32-64-128-lin-512-2-model-1588009585,1588009625.188,5,0.76,0.1445,0.81,0.1552
conv-32-64-128-lin-512-2-model-1588009585,1588009625.35,5,0.79,0.1272,0.84,0.1492
conv-32-64-128-lin-512-2-model-1588009585,1588009625.514,5,0.81,0.1438,0.84,0.1351
conv-32-64-128-lin-512-2-model-1588009585,1588009625.676,5,0.9,0.0965,0.88,0.1091
conv-32-64-128-lin-512-2-model-1588009585,1588009625.838,5,0.79,0.1558,0.81,0.0985
conv-32-64-128-lin-512-2-model-1588009585,1588009626.0,5,0.85,0.1171,0.78,0.1276
conv-32-64-128-lin-512-2-model-1588009585,1588009626.162,5,0.86,0.1091,0.81,0.1236
conv-32-64-128-lin-512-2-model-1588009585,1588009626.324,5,0.89,0.0805,0.88,0.1065
conv-32-64-128-lin-512-2-model-1588009585,1588009626.485,5,0.82,0.1481,0.72,0.1762
conv-32-64-128-lin-512-2-model-1588009585,1588009626.647,5,0.83,0.1286,0.62,0.2654
conv-32-64-128-lin-512-2-model-1588009585,1588009626.811,5,0.8,0.1455,0.69,0.2235
conv-32-64-128-lin-512-2-model-1588009585,1588009626.973,5,0.82,0.1388,0.81,0.1438
conv-32-64-128-lin-512-2-model-1588009585,1588009627.133,5,0.86,0.1254,0.81,0.1212
conv-32-64-128-lin-512-2-model-1588009585,1588009627.294,5,0.81,0.1448,0.84,0.1443
conv-32-64-128-lin-512-2-model-1588009585,1588009627.456,5,0.85,0.1161,0.69,0.2556
conv-32-64-128-lin-512-2-model-1588009585,1588009627.618,5,0.82,0.1223,0.81,0.1018
conv-32-64-128-lin-512-2-model-1588009585,1588009627.781,5,0.8,0.1395,0.78,0.153
conv-32-64-128-lin-512-2-model-1588009585,1588009627.943,5,0.84,0.1101,0.75,0.1495
conv-32-64-128-lin-512-2-model-1588009585,1588009628.104,5,0.88,0.0989,0.81,0.1562
conv-32-64-128-lin-512-2-model-1588009585,1588009628.266,5,0.86,0.1183,0.84,0.1151
conv-32-64-128-lin-512-2-model-1588009585,1588009628.426,5,0.85,0.1205,0.78,0.1584
conv-32-64-128-lin-512-2-model-1588009585,1588009628.588,5,0.88,0.1118,0.84,0.1426
conv-32-64-128-lin-512-2-model-1588009585,1588009628.752,5,0.76,0.1498,0.81,0.14
conv-32-64-128-lin-512-2-model-1588009585,1588009628.914,5,0.86,0.0951,0.84,0.1242
conv-32-64-128-lin-512-2-model-1588009585,1588009629.076,5,0.85,0.1033,0.81,0.1341
conv-32-64-128-lin-512-2-model-1588009585,1588009629.236,5,0.87,0.0915,0.69,0.2054
conv-32-64-128-lin-512-2-model-1588009585,1588009629.4,5,0.88,0.0832,0.81,0.156
conv-32-64-128-lin-512-2-model-1588009585,1588009629.561,5,0.85,0.1121,0.72,0.1764
conv-32-64-128-lin-512-2-model-1588009585,1588009629.703,6,0.8,0.1429,0.75,0.2112
conv-32-64-128-lin-512-2-model-1588009585,1588009629.863,6,0.8,0.1259,0.62,0.2567
conv-32-64-128-lin-512-2-model-1588009585,1588009630.026,6,0.86,0.1055,0.81,0.1384
conv-32-64-128-lin-512-2-model-1588009585,1588009630.187,6,0.82,0.1128,0.66,0.2338
conv-32-64-128-lin-512-2-model-1588009585,1588009630.35,6,0.78,0.1576,0.81,0.1084
conv-32-64-128-lin-512-2-model-1588009585,1588009630.514,6,0.92,0.0687,0.78,0.1668
conv-32-64-128-lin-512-2-model-1588009585,1588009630.676,6,0.81,0.1309,0.81,0.1325
conv-32-64-128-lin-512-2-model-1588009585,1588009630.839,6,0.88,0.0999,0.72,0.1585
conv-32-64-128-lin-512-2-model-1588009585,1588009630.998,6,0.89,0.0775,0.66,0.1956
conv-32-64-128-lin-512-2-model-1588009585,1588009631.158,6,0.84,0.1184,0.69,0.212
conv-32-64-128-lin-512-2-model-1588009585,1588009631.321,6,0.82,0.1159,0.75,0.1645
conv-32-64-128-lin-512-2-model-1588009585,1588009631.484,6,0.85,0.1058,0.78,0.1659
conv-32-64-128-lin-512-2-model-1588009585,1588009631.646,6,0.86,0.1092,0.81,0.1024
conv-32-64-128-lin-512-2-model-1588009585,1588009631.809,6,0.87,0.1035,0.81,0.161
conv-32-64-128-lin-512-2-model-1588009585,1588009631.97,6,0.87,0.0911,0.75,0.1736
conv-32-64-128-lin-512-2-model-1588009585,1588009632.132,6,0.88,0.1,0.88,0.0994
conv-32-64-128-lin-512-2-model-1588009585,1588009632.293,6,0.87,0.1113,0.81,0.1129
conv-32-64-128-lin-512-2-model-1588009585,1588009632.454,6,0.77,0.1597,0.66,0.2084
conv-32-64-128-lin-512-2-model-1588009585,1588009632.616,6,0.86,0.1034,0.81,0.1529
conv-32-64-128-lin-512-2-model-1588009585,1588009632.781,6,0.82,0.13,0.91,0.1023
conv-32-64-128-lin-512-2-model-1588009585,1588009632.943,6,0.88,0.0841,0.66,0.2503
conv-32-64-128-lin-512-2-model-1588009585,1588009633.105,6,0.83,0.1416,0.75,0.1943
conv-32-64-128-lin-512-2-model-1588009585,1588009633.264,6,0.84,0.1024,0.78,0.1667
conv-32-64-128-lin-512-2-model-1588009585,1588009633.427,6,0.87,0.0872,0.81,0.2031
conv-32-64-128-lin-512-2-model-1588009585,1588009633.588,6,0.91,0.0644,0.62,0.2683
conv-32-64-128-lin-512-2-model-1588009585,1588009633.75,6,0.82,0.1445,0.84,0.1247
conv-32-64-128-lin-512-2-model-1588009585,1588009633.914,6,0.86,0.1147,0.69,0.2223
conv-32-64-128-lin-512-2-model-1588009585,1588009634.078,6,0.84,0.1246,0.84,0.1314
conv-32-64-128-lin-512-2-model-1588009585,1588009634.239,6,0.79,0.1351,0.72,0.1802
conv-32-64-128-lin-512-2-model-1588009585,1588009634.403,6,0.87,0.1091,0.72,0.203
conv-32-64-128-lin-512-2-model-1588009585,1588009634.564,6,0.84,0.1233,0.81,0.1485
conv-32-64-128-lin-512-2-model-1588009585,1588009634.725,6,0.84,0.0978,0.56,0.2898
conv-32-64-128-lin-512-2-model-1588009585,1588009634.886,6,0.88,0.1051,0.84,0.1149
conv-32-64-128-lin-512-2-model-1588009585,1588009635.049,6,0.82,0.1265,0.78,0.1728
conv-32-64-128-lin-512-2-model-1588009585,1588009635.212,6,0.86,0.1022,0.81,0.1328
conv-32-64-128-lin-512-2-model-1588009585,1588009635.374,6,0.88,0.0953,0.81,0.1336
conv-32-64-128-lin-512-2-model-1588009585,1588009635.534,6,0.83,0.1196,0.59,0.2516
conv-32-64-128-lin-512-2-model-1588009585,1588009635.694,6,0.85,0.1065,0.72,0.2042
conv-32-64-128-lin-512-2-model-1588009585,1588009635.855,6,0.82,0.1362,0.78,0.1451
conv-32-64-128-lin-512-2-model-1588009585,1588009636.019,6,0.79,0.1423,0.75,0.2285
conv-32-64-128-lin-512-2-model-1588009585,1588009636.184,6,0.86,0.1025,0.78,0.158
conv-32-64-128-lin-512-2-model-1588009585,1588009636.347,6,0.9,0.0936,0.88,0.0909
conv-32-64-128-lin-512-2-model-1588009585,1588009636.527,6,0.87,0.0914,0.81,0.1519
conv-32-64-128-lin-512-2-model-1588009585,1588009636.716,6,0.92,0.078,0.66,0.2172
conv-32-64-128-lin-512-2-model-1588009585,1588009636.887,6,0.85,0.1018,0.78,0.167
conv-32-64-128-lin-512-2-model-1588009585,1588009637.049,7,0.86,0.1052,0.91,0.0942
conv-32-64-128-lin-512-2-model-1588009585,1588009637.226,7,0.84,0.1114,0.81,0.1615
conv-32-64-128-lin-512-2-model-1588009585,1588009637.4,7,0.92,0.0745,0.72,0.1872
conv-32-64-128-lin-512-2-model-1588009585,1588009637.561,7,0.82,0.1251,0.81,0.1508
conv-32-64-128-lin-512-2-model-1588009585,1588009637.721,7,0.82,0.137,0.84,0.1512
conv-32-64-128-lin-512-2-model-1588009585,1588009637.886,7,0.94,0.0501,0.94,0.0668
conv-32-64-128-lin-512-2-model-1588009585,1588009638.048,7,0.84,0.1145,0.88,0.0907
conv-32-64-128-lin-512-2-model-1588009585,1588009638.21,7,0.93,0.0627,0.72,0.2177
conv-32-64-128-lin-512-2-model-1588009585,1588009638.373,7,0.91,0.0717,0.75,0.1795
conv-32-64-128-lin-512-2-model-1588009585,1588009638.536,7,0.85,0.1136,0.75,0.179
conv-32-64-128-lin-512-2-model-1588009585,1588009638.696,7,0.87,0.0994,0.75,0.1675
conv-32-64-128-lin-512-2-model-1588009585,1588009638.859,7,0.84,0.108,0.78,0.1602
conv-32-64-128-lin-512-2-model-1588009585,1588009639.024,7,0.81,0.1248,0.91,0.0675
conv-32-64-128-lin-512-2-model-1588009585,1588009639.185,7,0.82,0.1229,0.72,0.227
conv-32-64-128-lin-512-2-model-1588009585,1588009639.35,7,0.81,0.1247,0.72,0.1985
conv-32-64-128-lin-512-2-model-1588009585,1588009639.514,7,0.85,0.1017,0.75,0.1472
conv-32-64-128-lin-512-2-model-1588009585,1588009639.678,7,0.82,0.1071,0.88,0.0876
conv-32-64-128-lin-512-2-model-1588009585,1588009639.841,7,0.84,0.1242,0.62,0.2361
conv-32-64-128-lin-512-2-model-1588009585,1588009640.006,7,0.86,0.1063,0.75,0.1372
conv-32-64-128-lin-512-2-model-1588009585,1588009640.167,7,0.81,0.135,0.75,0.1957
conv-32-64-128-lin-512-2-model-1588009585,1588009640.342,7,0.84,0.1091,0.75,0.1376
conv-32-64-128-lin-512-2-model-1588009585,1588009640.514,7,0.84,0.1267,0.69,0.2138
conv-32-64-128-lin-512-2-model-1588009585,1588009640.674,7,0.95,0.0567,0.78,0.1469
conv-32-64-128-lin-512-2-model-1588009585,1588009640.835,7,0.89,0.091,0.78,0.1891
conv-32-64-128-lin-512-2-model-1588009585,1588009640.994,7,0.9,0.0829,0.88,0.0902
conv-32-64-128-lin-512-2-model-1588009585,1588009641.154,7,0.85,0.123,0.84,0.1619
conv-32-64-128-lin-512-2-model-1588009585,1588009641.315,7,0.86,0.1141,0.69,0.224
conv-32-64-128-lin-512-2-model-1588009585,1588009641.478,7,0.73,0.1816,0.62,0.2932
conv-32-64-128-lin-512-2-model-1588009585,1588009641.638,7,0.83,0.1196,0.66,0.2716
conv-32-64-128-lin-512-2-model-1588009585,1588009641.796,7,0.76,0.1691,0.72,0.1769
conv-32-64-128-lin-512-2-model-1588009585,1588009641.955,7,0.83,0.1369,0.69,0.2331
conv-32-64-128-lin-512-2-model-1588009585,1588009642.117,7,0.86,0.0948,0.72,0.2106
conv-32-64-128-lin-512-2-model-1588009585,1588009642.278,7,0.85,0.099,0.69,0.1861
conv-32-64-128-lin-512-2-model-1588009585,1588009642.44,7,0.82,0.1099,0.78,0.1536
conv-32-64-128-lin-512-2-model-1588009585,1588009642.603,7,0.9,0.1005,0.78,0.1663
conv-32-64-128-lin-512-2-model-1588009585,1588009642.764,7,0.91,0.0776,0.81,0.1294
conv-32-64-128-lin-512-2-model-1588009585,1588009642.925,7,0.85,0.1231,0.78,0.1631
conv-32-64-128-lin-512-2-model-1588009585,1588009643.086,7,0.92,0.085,0.69,0.2348
conv-32-64-128-lin-512-2-model-1588009585,1588009643.249,7,0.87,0.1022,0.78,0.1442
conv-32-64-128-lin-512-2-model-1588009585,1588009643.414,7,0.84,0.1172,0.81,0.1532
conv-32-64-128-lin-512-2-model-1588009585,1588009643.575,7,0.92,0.069,0.72,0.2087
conv-32-64-128-lin-512-2-model-1588009585,1588009643.735,7,0.89,0.0818,0.72,0.1908
conv-32-64-128-lin-512-2-model-1588009585,1588009643.895,7,0.89,0.084,0.69,0.1858
conv-32-64-128-lin-512-2-model-1588009585,1588009644.058,7,0.9,0.0802,0.84,0.1062
conv-32-64-128-lin-512-2-model-1588009585,1588009644.219,7,0.89,0.0885,0.69,0.2046
conv-32-64-128-lin-512-2-model-1588009585,1588009644.36,8,0.9,0.0797,0.62,0.2572
conv-32-64-128-lin-512-2-model-1588009585,1588009644.523,8,0.84,0.1175,0.81,0.1649
conv-32-64-128-lin-512-2-model-1588009585,1588009644.688,8,0.88,0.0895,0.75,0.1726
conv-32-64-128-lin-512-2-model-1588009585,1588009644.85,8,0.87,0.1015,0.75,0.2119
conv-32-64-128-lin-512-2-model-1588009585,1588009645.011,8,0.86,0.1129,0.69,0.2192
conv-32-64-128-lin-512-2-model-1588009585,1588009645.173,8,0.91,0.0666,0.72,0.1859
conv-32-64-128-lin-512-2-model-1588009585,1588009645.336,8,0.84,0.1037,0.81,0.122
conv-32-64-128-lin-512-2-model-1588009585,1588009645.497,8,0.92,0.0669,0.69,0.2581
conv-32-64-128-lin-512-2-model-1588009585,1588009645.656,8,0.89,0.0715,0.81,0.1732
conv-32-64-128-lin-512-2-model-1588009585,1588009645.818,8,0.84,0.1009,0.81,0.1322
conv-32-64-128-lin-512-2-model-1588009585,1588009645.979,8,0.83,0.1171,0.78,0.1777
conv-32-64-128-lin-512-2-model-1588009585,1588009646.142,8,0.84,0.1037,0.69,0.2076
conv-32-64-128-lin-512-2-model-1588009585,1588009646.304,8,0.8,0.1338,0.66,0.2552
conv-32-64-128-lin-512-2-model-1588009585,1588009646.464,8,0.76,0.1525,0.69,0.1865
conv-32-64-128-lin-512-2-model-1588009585,1588009646.625,8,0.88,0.0855,0.69,0.2635
conv-32-64-128-lin-512-2-model-1588009585,1588009646.786,8,0.84,0.116,0.59,0.281
conv-32-64-128-lin-512-2-model-1588009585,1588009646.947,8,0.86,0.1043,0.81,0.1549
conv-32-64-128-lin-512-2-model-1588009585,1588009647.109,8,0.81,0.1344,0.81,0.1492
conv-32-64-128-lin-512-2-model-1588009585,1588009647.273,8,0.9,0.0879,0.81,0.1447
conv-32-64-128-lin-512-2-model-1588009585,1588009647.434,8,0.86,0.115,0.75,0.1807
conv-32-64-128-lin-512-2-model-1588009585,1588009647.594,8,0.89,0.0779,0.72,0.2265
conv-32-64-128-lin-512-2-model-1588009585,1588009647.754,8,0.84,0.1121,0.69,0.165
conv-32-64-128-lin-512-2-model-1588009585,1588009647.917,8,0.92,0.0685,0.75,0.1829
conv-32-64-128-lin-512-2-model-1588009585,1588009648.079,8,0.88,0.0793,0.88,0.0877
conv-32-64-128-lin-512-2-model-1588009585,1588009648.241,8,0.97,0.0346,0.88,0.096
conv-32-64-128-lin-512-2-model-1588009585,1588009648.402,8,0.87,0.1061,0.66,0.2687
conv-32-64-128-lin-512-2-model-1588009585,1588009648.564,8,0.87,0.107,0.72,0.1908
conv-32-64-128-lin-512-2-model-1588009585,1588009648.724,8,0.81,0.1462,0.69,0.2349
conv-32-64-128-lin-512-2-model-1588009585,1588009648.885,8,0.83,0.1175,0.88,0.1243
conv-32-64-128-lin-512-2-model-1588009585,1588009649.048,8,0.83,0.1044,0.94,0.0539
conv-32-64-128-lin-512-2-model-1588009585,1588009649.21,8,0.87,0.1035,0.75,0.1624
conv-32-64-128-lin-512-2-model-1588009585,1588009649.384,8,0.87,0.0869,0.81,0.1391
conv-32-64-128-lin-512-2-model-1588009585,1588009649.564,8,0.85,0.1022,0.84,0.1312
conv-32-64-128-lin-512-2-model-1588009585,1588009649.725,8,0.82,0.1388,0.81,0.1427
conv-32-64-128-lin-512-2-model-1588009585,1588009649.909,8,0.88,0.0946,0.81,0.1424
conv-32-64-128-lin-512-2-model-1588009585,1588009650.076,8,0.84,0.1015,0.91,0.0734
conv-32-64-128-lin-512-2-model-1588009585,1588009650.241,8,0.87,0.105,0.75,0.195
conv-32-64-128-lin-512-2-model-1588009585,1588009650.411,8,0.9,0.0803,0.75,0.1479
conv-32-64-128-lin-512-2-model-1588009585,1588009650.583,8,0.88,0.08,0.62,0.2409
conv-32-64-128-lin-512-2-model-1588009585,1588009650.743,8,0.85,0.112,0.75,0.1675
conv-32-64-128-lin-512-2-model-1588009585,1588009650.908,8,0.89,0.0762,0.66,0.1849
conv-32-64-128-lin-512-2-model-1588009585,1588009651.071,8,0.94,0.0567,0.75,0.1957
conv-32-64-128-lin-512-2-model-1588009585,1588009651.232,8,0.89,0.0716,0.78,0.1818
conv-32-64-128-lin-512-2-model-1588009585,1588009651.395,8,0.93,0.0568,0.72,0.1431
conv-32-64-128-lin-512-2-model-1588009585,1588009651.558,8,0.88,0.0814,0.72,0.2401
conv-32-64-128-lin-512-2-model-1588009585,1588009651.699,9,0.88,0.0849,0.69,0.2029
conv-32-64-128-lin-512-2-model-1588009585,1588009651.859,9,0.9,0.0821,0.66,0.2636
conv-32-64-128-lin-512-2-model-1588009585,1588009652.02,9,0.92,0.0587,0.81,0.1482
conv-32-64-128-lin-512-2-model-1588009585,1588009652.183,9,0.94,0.0612,0.75,0.155
conv-32-64-128-lin-512-2-model-1588009585,1588009652.345,9,0.84,0.1246,0.75,0.1805
conv-32-64-128-lin-512-2-model-1588009585,1588009652.51,9,0.82,0.1296,0.75,0.1895
conv-32-64-128-lin-512-2-model-1588009585,1588009652.675,9,0.86,0.109,0.72,0.2082
conv-32-64-128-lin-512-2-model-1588009585,1588009652.84,9,0.86,0.107,0.78,0.1404
conv-32-64-128-lin-512-2-model-1588009585,1588009653.002,9,0.91,0.0672,0.75,0.1571
conv-32-64-128-lin-512-2-model-1588009585,1588009653.164,9,0.88,0.085,0.78,0.1787
conv-32-64-128-lin-512-2-model-1588009585,1588009653.325,9,0.87,0.0943,0.62,0.2766
conv-32-64-128-lin-512-2-model-1588009585,1588009653.485,9,0.96,0.0447,0.81,0.1262
conv-32-64-128-lin-512-2-model-1588009585,1588009653.648,9,0.93,0.0603,0.78,0.1752
conv-32-64-128-lin-512-2-model-1588009585,1588009653.813,9,0.91,0.0812,0.81,0.1441
conv-32-64-128-lin-512-2-model-1588009585,1588009653.975,9,0.91,0.0681,0.56,0.3197
conv-32-64-128-lin-512-2-model-1588009585,1588009654.136,9,0.88,0.0946,0.78,0.1931
conv-32-64-128-lin-512-2-model-1588009585,1588009654.297,9,0.86,0.0965,0.72,0.2138
conv-32-64-128-lin-512-2-model-1588009585,1588009654.459,9,0.85,0.1097,0.72,0.1899
conv-32-64-128-lin-512-2-model-1588009585,1588009654.62,9,0.88,0.0842,0.78,0.176
conv-32-64-128-lin-512-2-model-1588009585,1588009654.782,9,0.8,0.1457,0.59,0.3004
conv-32-64-128-lin-512-2-model-1588009585,1588009654.944,9,0.89,0.0836,0.72,0.2158
conv-32-64-128-lin-512-2-model-1588009585,1588009655.108,9,0.86,0.1092,0.72,0.1949
conv-32-64-128-lin-512-2-model-1588009585,1588009655.271,9,0.93,0.0634,0.69,0.2203
conv-32-64-128-lin-512-2-model-1588009585,1588009655.435,9,0.92,0.0731,0.75,0.2006
conv-32-64-128-lin-512-2-model-1588009585,1588009655.597,9,0.87,0.09,0.84,0.0917
conv-32-64-128-lin-512-2-model-1588009585,1588009655.76,9,0.86,0.1036,0.75,0.1883
conv-32-64-128-lin-512-2-model-1588009585,1588009655.921,9,0.88,0.103,0.72,0.1936
conv-32-64-128-lin-512-2-model-1588009585,1588009656.083,9,0.83,0.1216,0.78,0.1811
conv-32-64-128-lin-512-2-model-1588009585,1588009656.244,9,0.87,0.0996,0.84,0.141
conv-32-64-128-lin-512-2-model-1588009585,1588009656.408,9,0.89,0.0769,0.78,0.1763
conv-32-64-128-lin-512-2-model-1588009585,1588009656.57,9,0.89,0.0975,0.84,0.1299
conv-32-64-128-lin-512-2-model-1588009585,1588009656.731,9,0.89,0.0704,0.84,0.1304
conv-32-64-128-lin-512-2-model-1588009585,1588009656.891,9,0.91,0.0793,0.84,0.1222
conv-32-64-128-lin-512-2-model-1588009585,1588009657.053,9,0.95,0.0558,0.59,0.3111
conv-32-64-128-lin-512-2-model-1588009585,1588009657.215,9,0.89,0.0803,0.66,0.3091
conv-32-64-128-lin-512-2-model-1588009585,1588009657.378,9,0.92,0.0568,0.84,0.1402
conv-32-64-128-lin-512-2-model-1588009585,1588009657.54,9,0.88,0.0913,0.75,0.1929
conv-32-64-128-lin-512-2-model-1588009585,1588009657.705,9,0.91,0.0714,0.72,0.186
conv-32-64-128-lin-512-2-model-1588009585,1588009657.867,9,0.94,0.0536,0.81,0.1408
conv-32-64-128-lin-512-2-model-1588009585,1588009658.027,9,0.83,0.117,0.75,0.1908
conv-32-64-128-lin-512-2-model-1588009585,1588009658.188,9,0.93,0.0592,0.69,0.2302
conv-32-64-128-lin-512-2-model-1588009585,1588009658.351,9,0.96,0.0455,0.66,0.2448
conv-32-64-128-lin-512-2-model-1588009585,1588009658.513,9,0.94,0.0517,0.69,0.2259
conv-32-64-128-lin-512-2-model-1588009585,1588009658.676,9,0.91,0.075,0.81,0.1287
conv-32-64-128-lin-512-2-model-1588009585,1588009658.838,9,0.9,0.0708,0.78,0.1244
