conv-32-64-128-lin-512-2-model-1588007501,1588007501.391,0.54,0.25,0.41,0.264
conv-32-64-128-lin-512-2-model-1588007501,1588007501.44,0.55,0.2465,0.62,0.2411
conv-32-64-128-lin-512-2-model-1588007501,1588007501.481,0.49,0.2528,0.53,0.2494
conv-32-64-128-lin-512-2-model-1588007501,1588007501.524,0.54,0.2483,0.44,0.2669
conv-32-64-128-lin-512-2-model-1588007501,1588007501.564,0.51,0.2547,0.41,0.2588
conv-32-64-128-lin-512-2-model-1588007501,1588007501.603,0.52,0.2509,0.59,0.2468
conv-32-64-128-lin-512-2-model-1588007501,1588007501.642,0.47,0.2517,0.47,0.2504
conv-32-64-128-lin-512-2-model-1588007501,1588007501.679,0.55,0.2491,0.38,0.2513
conv-32-64-128-lin-512-2-model-1588007501,1588007501.717,0.53,0.2497,0.62,0.2488
conv-32-64-128-lin-512-2-model-1588007501,1588007501.756,0.45,0.2504,0.47,0.2501
conv-32-64-128-lin-512-2-model-1588007501,1588007501.793,0.51,0.2498,0.47,0.2503
conv-32-64-128-lin-512-2-model-1588007501,1588007501.83,0.61,0.2499,0.41,0.2508
conv-32-64-128-lin-512-2-model-1588007501,1588007501.869,0.48,0.2501,0.47,0.25
conv-32-64-128-lin-512-2-model-1588007501,1588007501.907,0.58,0.2486,0.59,0.2469
conv-32-64-128-lin-512-2-model-1588007501,1588007501.944,0.51,0.2492,0.5,0.2499
conv-32-64-128-lin-512-2-model-1588007501,1588007501.983,0.45,0.2519,0.59,0.247
conv-32-64-128-lin-512-2-model-1588007501,1588007502.02,0.52,0.2493,0.44,0.2528
conv-32-64-128-lin-512-2-model-1588007501,1588007502.059,0.57,0.2472,0.5,0.2509
conv-32-64-128-lin-512-2-model-1588007501,1588007502.098,0.57,0.2489,0.41,0.2562
conv-32-64-128-lin-512-2-model-1588007501,1588007502.135,0.48,0.2514,0.62,0.2454
conv-32-64-128-lin-512-2-model-1588007501,1588007502.172,0.41,0.2532,0.53,0.2488
conv-32-64-128-lin-512-2-model-1588007501,1588007502.21,0.56,0.2485,0.47,0.2485
conv-32-64-128-lin-512-2-model-1588007501,1588007502.248,0.56,0.2478,0.53,0.2473
conv-32-64-128-lin-512-2-model-1588007501,1588007502.285,0.5,0.2485,0.38,0.2528
conv-32-64-128-lin-512-2-model-1588007501,1588007502.323,0.47,0.2494,0.69,0.2493
conv-32-64-128-lin-512-2-model-1588007501,1588007502.361,0.63,0.2484,0.72,0.2457
conv-32-64-128-lin-512-2-model-1588007501,1588007502.398,0.5,0.2486,0.41,0.2496
conv-32-64-128-lin-512-2-model-1588007501,1588007502.436,0.62,0.2448,0.5,0.2492
conv-32-64-128-lin-512-2-model-1588007501,1588007502.474,0.48,0.2503,0.56,0.2464
conv-32-64-128-lin-512-2-model-1588007501,1588007502.511,0.53,0.245,0.47,0.2519
conv-32-64-128-lin-512-2-model-1588007501,1588007502.55,0.65,0.2348,0.56,0.2443
conv-32-64-128-lin-512-2-model-1588007501,1588007502.587,0.49,0.2517,0.56,0.24
conv-32-64-128-lin-512-2-model-1588007501,1588007502.624,0.51,0.2545,0.47,0.2467
conv-32-64-128-lin-512-2-model-1588007501,1588007502.662,0.57,0.2389,0.56,0.2418
conv-32-64-128-lin-512-2-model-1588007501,1588007502.7,0.51,0.2498,0.59,0.2333
conv-32-64-128-lin-512-2-model-1588007501,1588007502.737,0.65,0.2317,0.5,0.2504
conv-32-64-128-lin-512-2-model-1588007501,1588007502.776,0.53,0.2461,0.56,0.2395
conv-32-64-128-lin-512-2-model-1588007501,1588007502.813,0.57,0.2378,0.59,0.2355
conv-32-64-128-lin-512-2-model-1588007501,1588007502.85,0.61,0.2399,0.44,0.2603
conv-32-64-128-lin-512-2-model-1588007501,1588007502.889,0.54,0.2416,0.69,0.2471
conv-32-64-128-lin-512-2-model-1588007501,1588007502.926,0.6,0.2409,0.69,0.2435
conv-32-64-128-lin-512-2-model-1588007501,1588007502.963,0.62,0.2391,0.66,0.2148
conv-32-64-128-lin-512-2-model-1588007501,1588007503.002,0.56,0.2407,0.53,0.2533
conv-32-64-128-lin-512-2-model-1588007501,1588007503.039,0.61,0.2423,0.69,0.2273
conv-32-64-128-lin-512-2-model-1588007501,1588007503.076,0.48,0.2554,0.59,0.2213
conv-32-64-128-lin-512-2-model-1588007501,1588007503.115,0.6,0.2318,0.56,0.2373
conv-32-64-128-lin-512-2-model-1588007501,1588007503.152,0.56,0.2358,0.62,0.2257
conv-32-64-128-lin-512-2-model-1588007501,1588007503.189,0.64,0.2219,0.62,0.2403
conv-32-64-128-lin-512-2-model-1588007501,1588007503.227,0.56,0.2387,0.56,0.2236
conv-32-64-128-lin-512-2-model-1588007501,1588007503.264,0.53,0.2458,0.56,0.2252
conv-32-64-128-lin-512-2-model-1588007501,1588007503.302,0.53,0.2415,0.72,0.229
conv-32-64-128-lin-512-2-model-1588007501,1588007503.34,0.61,0.2428,0.62,0.2142
conv-32-64-128-lin-512-2-model-1588007501,1588007503.377,0.57,0.2516,0.69,0.2277
conv-32-64-128-lin-512-2-model-1588007501,1588007503.414,0.57,0.2444,0.66,0.2153
conv-32-64-128-lin-512-2-model-1588007501,1588007503.453,0.62,0.2278,0.69,0.2298
conv-32-64-128-lin-512-2-model-1588007501,1588007503.49,0.55,0.2462,0.62,0.2449
conv-32-64-128-lin-512-2-model-1588007501,1588007503.527,0.61,0.2235,0.41,0.28
conv-32-64-128-lin-512-2-model-1588007501,1588007503.567,0.73,0.2191,0.78,0.2122
conv-32-64-128-lin-512-2-model-1588007501,1588007503.604,0.61,0.2195,0.56,0.2354
conv-32-64-128-lin-512-2-model-1588007501,1588007503.641,0.53,0.2453,0.56,0.239
conv-32-64-128-lin-512-2-model-1588007501,1588007503.681,0.66,0.2476,0.44,0.2923
conv-32-64-128-lin-512-2-model-1588007501,1588007503.719,0.6,0.2434,0.66,0.2428
conv-32-64-128-lin-512-2-model-1588007501,1588007503.756,0.63,0.237,0.38,0.2856
conv-32-64-128-lin-512-2-model-1588007501,1588007503.794,0.61,0.2429,0.62,0.2264
conv-32-64-128-lin-512-2-model-1588007501,1588007503.832,0.54,0.2519,0.75,0.2112
conv-32-64-128-lin-512-2-model-1588007501,1588007503.869,0.67,0.23,0.53,0.2507
conv-32-64-128-lin-512-2-model-1588007501,1588007503.908,0.56,0.2372,0.47,0.2663
conv-32-64-128-lin-512-2-model-1588007501,1588007503.945,0.62,0.2303,0.62,0.2244
conv-32-64-128-lin-512-2-model-1588007501,1588007503.982,0.62,0.2359,0.66,0.2291
conv-32-64-128-lin-512-2-model-1588007501,1588007504.021,0.65,0.2275,0.66,0.2328
conv-32-64-128-lin-512-2-model-1588007501,1588007504.058,0.61,0.237,0.69,0.2201
conv-32-64-128-lin-512-2-model-1588007501,1588007504.095,0.58,0.2493,0.5,0.2493
conv-32-64-128-lin-512-2-model-1588007501,1588007504.134,0.64,0.2289,0.59,0.2216
conv-32-64-128-lin-512-2-model-1588007501,1588007504.171,0.6,0.2282,0.62,0.2259
conv-32-64-128-lin-512-2-model-1588007501,1588007504.208,0.55,0.2535,0.75,0.1857
conv-32-64-128-lin-512-2-model-1588007501,1588007504.247,0.67,0.2144,0.53,0.2368
conv-32-64-128-lin-512-2-model-1588007501,1588007504.284,0.64,0.2265,0.56,0.222
conv-32-64-128-lin-512-2-model-1588007501,1588007504.321,0.54,0.2593,0.62,0.2081
conv-32-64-128-lin-512-2-model-1588007501,1588007504.36,0.46,0.2767,0.75,0.2163
conv-32-64-128-lin-512-2-model-1588007501,1588007504.397,0.62,0.2438,0.59,0.244
conv-32-64-128-lin-512-2-model-1588007501,1588007504.434,0.65,0.2228,0.5,0.2461
conv-32-64-128-lin-512-2-model-1588007501,1588007504.474,0.7,0.2167,0.69,0.2175
conv-32-64-128-lin-512-2-model-1588007501,1588007504.511,0.65,0.2268,0.69,0.2114
conv-32-64-128-lin-512-2-model-1588007501,1588007504.548,0.61,0.2382,0.44,0.2728
conv-32-64-128-lin-512-2-model-1588007501,1588007504.586,0.51,0.2505,0.41,0.2587
conv-32-64-128-lin-512-2-model-1588007501,1588007504.624,0.52,0.2492,0.62,0.2334
conv-32-64-128-lin-512-2-model-1588007501,1588007504.661,0.54,0.2382,0.5,0.2394
conv-32-64-128-lin-512-2-model-1588007501,1588007504.699,0.61,0.2357,0.62,0.2248
conv-32-64-128-lin-512-2-model-1588007501,1588007504.736,0.56,0.2447,0.69,0.221
conv-32-64-128-lin-512-2-model-1588007501,1588007504.774,0.6,0.2359,0.66,0.2381
conv-32-64-128-lin-512-2-model-1588007501,1588007504.812,0.59,0.2373,0.59,0.2347
conv-32-64-128-lin-512-2-model-1588007501,1588007504.849,0.59,0.2455,0.66,0.2243
conv-32-64-128-lin-512-2-model-1588007501,1588007504.886,0.52,0.2473,0.5,0.2319
conv-32-64-128-lin-512-2-model-1588007501,1588007504.925,0.54,0.2538,0.66,0.2137
conv-32-64-128-lin-512-2-model-1588007501,1588007504.962,0.61,0.2284,0.69,0.2385
conv-32-64-128-lin-512-2-model-1588007501,1588007504.999,0.56,0.2518,0.56,0.241
conv-32-64-128-lin-512-2-model-1588007501,1588007505.038,0.6,0.2374,0.66,0.2236
conv-32-64-128-lin-512-2-model-1588007501,1588007505.075,0.65,0.2343,0.69,0.2337
conv-32-64-128-lin-512-2-model-1588007501,1588007505.112,0.64,0.2272,0.59,0.2345
conv-32-64-128-lin-512-2-model-1588007501,1588007505.151,0.62,0.2324,0.69,0.2153
conv-32-64-128-lin-512-2-model-1588007501,1588007505.189,0.61,0.2249,0.66,0.2259
conv-32-64-128-lin-512-2-model-1588007501,1588007505.229,0.54,0.2478,0.5,0.2396
conv-32-64-128-lin-512-2-model-1588007501,1588007505.268,0.52,0.2481,0.62,0.2366
conv-32-64-128-lin-512-2-model-1588007501,1588007505.305,0.6,0.2374,0.56,0.2433
conv-32-64-128-lin-512-2-model-1588007501,1588007505.342,0.6,0.2392,0.47,0.2612
conv-32-64-128-lin-512-2-model-1588007501,1588007505.381,0.68,0.228,0.56,0.2608
conv-32-64-128-lin-512-2-model-1588007501,1588007505.419,0.66,0.2217,0.59,0.217
conv-32-64-128-lin-512-2-model-1588007501,1588007505.456,0.66,0.2209,0.56,0.2315
conv-32-64-128-lin-512-2-model-1588007501,1588007505.494,0.58,0.2349,0.78,0.1931
conv-32-64-128-lin-512-2-model-1588007501,1588007505.531,0.67,0.2131,0.47,0.2866
conv-32-64-128-lin-512-2-model-1588007501,1588007505.568,0.62,0.2211,0.47,0.259
conv-32-64-128-lin-512-2-model-1588007501,1588007505.607,0.52,0.2648,0.72,0.1898
conv-32-64-128-lin-512-2-model-1588007501,1588007505.644,0.59,0.2416,0.69,0.213
conv-32-64-128-lin-512-2-model-1588007501,1588007505.682,0.71,0.2114,0.59,0.2477
conv-32-64-128-lin-512-2-model-1588007501,1588007505.72,0.58,0.2324,0.59,0.247
conv-32-64-128-lin-512-2-model-1588007501,1588007505.758,0.61,0.2234,0.56,0.2553
conv-32-64-128-lin-512-2-model-1588007501,1588007505.796,0.65,0.2316,0.75,0.1855
conv-32-64-128-lin-512-2-model-1588007501,1588007505.835,0.64,0.2155,0.72,0.2055
conv-32-64-128-lin-512-2-model-1588007501,1588007505.872,0.65,0.2065,0.66,0.2459
conv-32-64-128-lin-512-2-model-1588007501,1588007505.909,0.66,0.2313,0.56,0.2727
conv-32-64-128-lin-512-2-model-1588007501,1588007505.948,0.6,0.2406,0.56,0.266
conv-32-64-128-lin-512-2-model-1588007501,1588007505.985,0.6,0.2447,0.53,0.2926
conv-32-64-128-lin-512-2-model-1588007501,1588007506.022,0.57,0.2764,0.59,0.2518
conv-32-64-128-lin-512-2-model-1588007501,1588007506.061,0.66,0.2411,0.53,0.2657
conv-32-64-128-lin-512-2-model-1588007501,1588007506.098,0.62,0.2318,0.53,0.2507
conv-32-64-128-lin-512-2-model-1588007501,1588007506.135,0.51,0.2578,0.66,0.2211
conv-32-64-128-lin-512-2-model-1588007501,1588007506.174,0.56,0.2404,0.56,0.2384
conv-32-64-128-lin-512-2-model-1588007501,1588007506.211,0.71,0.2152,0.62,0.221
conv-32-64-128-lin-512-2-model-1588007501,1588007506.248,0.59,0.2428,0.66,0.2145
conv-32-64-128-lin-512-2-model-1588007501,1588007506.287,0.59,0.2414,0.62,0.2295
conv-32-64-128-lin-512-2-model-1588007501,1588007506.324,0.64,0.237,0.56,0.2407
conv-32-64-128-lin-512-2-model-1588007501,1588007506.361,0.57,0.2353,0.72,0.23
conv-32-64-128-lin-512-2-model-1588007501,1588007506.4,0.61,0.2376,0.66,0.2207
conv-32-64-128-lin-512-2-model-1588007501,1588007506.438,0.63,0.2306,0.62,0.2325
conv-32-64-128-lin-512-2-model-1588007501,1588007506.475,0.63,0.2299,0.56,0.2346
conv-32-64-128-lin-512-2-model-1588007501,1588007506.514,0.65,0.2252,0.72,0.2278
conv-32-64-128-lin-512-2-model-1588007501,1588007506.552,0.6,0.234,0.5,0.2569
conv-32-64-128-lin-512-2-model-1588007501,1588007506.589,0.55,0.2447,0.53,0.2429
conv-32-64-128-lin-512-2-model-1588007501,1588007506.627,0.62,0.2253,0.66,0.21
conv-32-64-128-lin-512-2-model-1588007501,1588007506.665,0.69,0.2217,0.62,0.2174
conv-32-64-128-lin-512-2-model-1588007501,1588007506.702,0.64,0.2252,0.66,0.2259
conv-32-64-128-lin-512-2-model-1588007501,1588007506.741,0.63,0.219,0.41,0.2567
conv-32-64-128-lin-512-2-model-1588007501,1588007506.778,0.68,0.2209,0.72,0.1864
conv-32-64-128-lin-512-2-model-1588007501,1588007506.817,0.67,0.2141,0.75,0.2125
conv-32-64-128-lin-512-2-model-1588007501,1588007506.855,0.65,0.2256,0.66,0.2314
conv-32-64-128-lin-512-2-model-1588007501,1588007506.893,0.6,0.2256,0.69,0.1952
conv-32-64-128-lin-512-2-model-1588007501,1588007506.93,0.67,0.2195,0.72,0.2273
conv-32-64-128-lin-512-2-model-1588007501,1588007506.971,0.6,0.2201,0.72,0.1866
conv-32-64-128-lin-512-2-model-1588007501,1588007507.008,0.59,0.251,0.72,0.1959
conv-32-64-128-lin-512-2-model-1588007501,1588007507.045,0.72,0.2024,0.72,0.2103
conv-32-64-128-lin-512-2-model-1588007501,1588007507.084,0.72,0.1973,0.53,0.2729
conv-32-64-128-lin-512-2-model-1588007501,1588007507.121,0.57,0.2388,0.62,0.2562
conv-32-64-128-lin-512-2-model-1588007501,1588007507.159,0.73,0.193,0.62,0.2306
conv-32-64-128-lin-512-2-model-1588007501,1588007507.198,0.59,0.2343,0.72,0.2097
conv-32-64-128-lin-512-2-model-1588007501,1588007507.235,0.61,0.2321,0.72,0.2003
conv-32-64-128-lin-512-2-model-1588007501,1588007507.272,0.66,0.213,0.72,0.1844
conv-32-64-128-lin-512-2-model-1588007501,1588007507.311,0.59,0.2448,0.47,0.2652
conv-32-64-128-lin-512-2-model-1588007501,1588007507.348,0.62,0.238,0.59,0.249
conv-32-64-128-lin-512-2-model-1588007501,1588007507.385,0.48,0.2718,0.53,0.2403
conv-32-64-128-lin-512-2-model-1588007501,1588007507.425,0.49,0.2586,0.66,0.21
conv-32-64-128-lin-512-2-model-1588007501,1588007507.462,0.66,0.2229,0.56,0.2607
conv-32-64-128-lin-512-2-model-1588007501,1588007507.499,0.61,0.2262,0.91,0.1696
conv-32-64-128-lin-512-2-model-1588007501,1588007507.538,0.61,0.2265,0.72,0.2192
conv-32-64-128-lin-512-2-model-1588007501,1588007507.575,0.67,0.2075,0.62,0.2367
conv-32-64-128-lin-512-2-model-1588007501,1588007507.613,0.6,0.2423,0.59,0.2522
conv-32-64-128-lin-512-2-model-1588007501,1588007507.652,0.61,0.2264,0.47,0.2705
conv-32-64-128-lin-512-2-model-1588007501,1588007507.689,0.62,0.2327,0.5,0.2775
conv-32-64-128-lin-512-2-model-1588007501,1588007507.726,0.65,0.2212,0.62,0.239
conv-32-64-128-lin-512-2-model-1588007501,1588007507.766,0.55,0.2345,0.66,0.2423
conv-32-64-128-lin-512-2-model-1588007501,1588007507.804,0.61,0.2304,0.75,0.2174
conv-32-64-128-lin-512-2-model-1588007501,1588007507.841,0.62,0.2309,0.69,0.219
conv-32-64-128-lin-512-2-model-1588007501,1588007507.879,0.59,0.2339,0.66,0.1959
conv-32-64-128-lin-512-2-model-1588007501,1588007507.916,0.6,0.2395,0.59,0.2366
conv-32-64-128-lin-512-2-model-1588007501,1588007507.954,0.69,0.2167,0.69,0.2098
conv-32-64-128-lin-512-2-model-1588007501,1588007507.995,0.58,0.2466,0.78,0.1988
conv-32-64-128-lin-512-2-model-1588007501,1588007508.032,0.58,0.2322,0.69,0.2248
conv-32-64-128-lin-512-2-model-1588007501,1588007508.069,0.67,0.2135,0.81,0.2045
conv-32-64-128-lin-512-2-model-1588007501,1588007508.109,0.57,0.2304,0.5,0.2461
conv-32-64-128-lin-512-2-model-1588007501,1588007508.146,0.56,0.2364,0.59,0.2168
conv-32-64-128-lin-512-2-model-1588007501,1588007508.183,0.72,0.2023,0.53,0.2502
conv-32-64-128-lin-512-2-model-1588007501,1588007508.223,0.61,0.2236,0.69,0.2137
conv-32-64-128-lin-512-2-model-1588007501,1588007508.26,0.66,0.2196,0.72,0.1995
conv-32-64-128-lin-512-2-model-1588007501,1588007508.297,0.57,0.2444,0.69,0.1785
conv-32-64-128-lin-512-2-model-1588007501,1588007508.336,0.59,0.2366,0.53,0.24
conv-32-64-128-lin-512-2-model-1588007501,1588007508.373,0.67,0.2163,0.75,0.2079
conv-32-64-128-lin-512-2-model-1588007501,1588007508.411,0.68,0.2172,0.69,0.2075
conv-32-64-128-lin-512-2-model-1588007501,1588007508.45,0.74,0.1946,0.69,0.1997
conv-32-64-128-lin-512-2-model-1588007501,1588007508.488,0.6,0.2281,0.75,0.195
conv-32-64-128-lin-512-2-model-1588007501,1588007508.525,0.64,0.2223,0.69,0.2129
conv-32-64-128-lin-512-2-model-1588007501,1588007508.564,0.55,0.2533,0.56,0.278
conv-32-64-128-lin-512-2-model-1588007501,1588007508.601,0.63,0.2241,0.66,0.2189
conv-32-64-128-lin-512-2-model-1588007501,1588007508.638,0.57,0.2341,0.62,0.2027
conv-32-64-128-lin-512-2-model-1588007501,1588007508.677,0.59,0.2411,0.69,0.1972
conv-32-64-128-lin-512-2-model-1588007501,1588007508.714,0.59,0.2349,0.78,0.165
conv-32-64-128-lin-512-2-model-1588007501,1588007508.751,0.67,0.2063,0.69,0.1977
conv-32-64-128-lin-512-2-model-1588007501,1588007508.79,0.64,0.2195,0.75,0.1789
conv-32-64-128-lin-512-2-model-1588007501,1588007508.828,0.65,0.2115,0.62,0.2274
conv-32-64-128-lin-512-2-model-1588007501,1588007508.865,0.68,0.2197,0.66,0.2176
conv-32-64-128-lin-512-2-model-1588007501,1588007508.903,0.63,0.2376,0.59,0.2124
conv-32-64-128-lin-512-2-model-1588007501,1588007508.94,0.65,0.2265,0.56,0.24
conv-32-64-128-lin-512-2-model-1588007501,1588007508.978,0.64,0.2235,0.72,0.2118
conv-32-64-128-lin-512-2-model-1588007501,1588007509.017,0.68,0.2126,0.66,0.2259
conv-32-64-128-lin-512-2-model-1588007501,1588007509.056,0.68,0.2166,0.66,0.2379
conv-32-64-128-lin-512-2-model-1588007501,1588007509.093,0.53,0.2389,0.53,0.2454
conv-32-64-128-lin-512-2-model-1588007501,1588007509.132,0.63,0.2148,0.69,0.2261
conv-32-64-128-lin-512-2-model-1588007501,1588007509.169,0.64,0.2137,0.66,0.2225
conv-32-64-128-lin-512-2-model-1588007501,1588007509.206,0.66,0.2167,0.69,0.214
conv-32-64-128-lin-512-2-model-1588007501,1588007509.244,0.62,0.2215,0.56,0.2586
conv-32-64-128-lin-512-2-model-1588007501,1588007509.283,0.67,0.2095,0.66,0.2338
conv-32-64-128-lin-512-2-model-1588007501,1588007509.322,0.61,0.2179,0.66,0.2036
conv-32-64-128-lin-512-2-model-1588007501,1588007509.361,0.62,0.2245,0.53,0.2408
conv-32-64-128-lin-512-2-model-1588007501,1588007509.398,0.71,0.2144,0.59,0.2358
conv-32-64-128-lin-512-2-model-1588007501,1588007509.435,0.61,0.2305,0.53,0.2403
conv-32-64-128-lin-512-2-model-1588007501,1588007509.475,0.69,0.2247,0.66,0.2293
conv-32-64-128-lin-512-2-model-1588007501,1588007509.512,0.57,0.2519,0.53,0.235
conv-32-64-128-lin-512-2-model-1588007501,1588007509.549,0.64,0.2257,0.62,0.187
conv-32-64-128-lin-512-2-model-1588007501,1588007509.588,0.58,0.2407,0.66,0.1912
conv-32-64-128-lin-512-2-model-1588007501,1588007509.625,0.64,0.2203,0.59,0.2296
conv-32-64-128-lin-512-2-model-1588007501,1588007509.662,0.75,0.1826,0.69,0.1938
conv-32-64-128-lin-512-2-model-1588007501,1588007509.701,0.69,0.2024,0.72,0.1915
conv-32-64-128-lin-512-2-model-1588007501,1588007509.738,0.69,0.2023,0.53,0.2538
conv-32-64-128-lin-512-2-model-1588007501,1588007509.775,0.66,0.2207,0.72,0.1967
conv-32-64-128-lin-512-2-model-1588007501,1588007509.814,0.66,0.2129,0.72,0.1848
conv-32-64-128-lin-512-2-model-1588007501,1588007509.853,0.64,0.2085,0.62,0.2363
conv-32-64-128-lin-512-2-model-1588007501,1588007509.867,0.71,0.2249,0.66,0.206
conv-32-64-128-lin-512-2-model-1588007501,1588007509.908,0.64,0.2389,0.72,0.1823
conv-32-64-128-lin-512-2-model-1588007501,1588007509.946,0.61,0.2562,0.59,0.2699
conv-32-64-128-lin-512-2-model-1588007501,1588007509.983,0.64,0.2203,0.62,0.2266
conv-32-64-128-lin-512-2-model-1588007501,1588007510.022,0.55,0.256,0.59,0.2143
conv-32-64-128-lin-512-2-model-1588007501,1588007510.06,0.61,0.2372,0.59,0.2414
conv-32-64-128-lin-512-2-model-1588007501,1588007510.097,0.65,0.2311,0.56,0.2809
conv-32-64-128-lin-512-2-model-1588007501,1588007510.137,0.68,0.224,0.78,0.173
conv-32-64-128-lin-512-2-model-1588007501,1588007510.174,0.62,0.2282,0.47,0.2646
conv-32-64-128-lin-512-2-model-1588007501,1588007510.211,0.66,0.222,0.56,0.2291
conv-32-64-128-lin-512-2-model-1588007501,1588007510.251,0.55,0.2488,0.62,0.2257
conv-32-64-128-lin-512-2-model-1588007501,1588007510.289,0.65,0.2197,0.69,0.2013
conv-32-64-128-lin-512-2-model-1588007501,1588007510.326,0.71,0.2113,0.78,0.1954
conv-32-64-128-lin-512-2-model-1588007501,1588007510.365,0.65,0.2209,0.62,0.2684
conv-32-64-128-lin-512-2-model-1588007501,1588007510.403,0.63,0.2209,0.66,0.2061
conv-32-64-128-lin-512-2-model-1588007501,1588007510.44,0.65,0.2223,0.59,0.2445
conv-32-64-128-lin-512-2-model-1588007501,1588007510.479,0.63,0.2232,0.69,0.2257
conv-32-64-128-lin-512-2-model-1588007501,1588007510.516,0.66,0.218,0.66,0.2115
conv-32-64-128-lin-512-2-model-1588007501,1588007510.553,0.63,0.2227,0.66,0.2108
conv-32-64-128-lin-512-2-model-1588007501,1588007510.593,0.63,0.2276,0.69,0.2084
conv-32-64-128-lin-512-2-model-1588007501,1588007510.63,0.58,0.2395,0.47,0.2733
conv-32-64-128-lin-512-2-model-1588007501,1588007510.667,0.65,0.2185,0.62,0.1978
conv-32-64-128-lin-512-2-model-1588007501,1588007510.706,0.62,0.2294,0.62,0.2276
conv-32-64-128-lin-512-2-model-1588007501,1588007510.743,0.69,0.2026,0.69,0.2023
conv-32-64-128-lin-512-2-model-1588007501,1588007510.781,0.69,0.2085,0.62,0.1965
conv-32-64-128-lin-512-2-model-1588007501,1588007510.82,0.65,0.2194,0.66,0.2162
conv-32-64-128-lin-512-2-model-1588007501,1588007510.857,0.61,0.2187,0.66,0.227
conv-32-64-128-lin-512-2-model-1588007501,1588007510.895,0.62,0.2223,0.78,0.1749
conv-32-64-128-lin-512-2-model-1588007501,1588007510.934,0.68,0.2052,0.69,0.1874
conv-32-64-128-lin-512-2-model-1588007501,1588007510.972,0.58,0.2457,0.66,0.23
conv-32-64-128-lin-512-2-model-1588007501,1588007511.01,0.64,0.1971,0.72,0.2135
conv-32-64-128-lin-512-2-model-1588007501,1588007511.049,0.71,0.1873,0.66,0.2112
conv-32-64-128-lin-512-2-model-1588007501,1588007511.086,0.67,0.2119,0.72,0.1887
conv-32-64-128-lin-512-2-model-1588007501,1588007511.124,0.63,0.2357,0.72,0.2037
conv-32-64-128-lin-512-2-model-1588007501,1588007511.162,0.7,0.2013,0.75,0.1934
conv-32-64-128-lin-512-2-model-1588007501,1588007511.2,0.69,0.2062,0.53,0.2674
conv-32-64-128-lin-512-2-model-1588007501,1588007511.237,0.59,0.2294,0.53,0.2465
conv-32-64-128-lin-512-2-model-1588007501,1588007511.276,0.79,0.1802,0.66,0.2129
conv-32-64-128-lin-512-2-model-1588007501,1588007511.314,0.75,0.1928,0.66,0.2112
conv-32-64-128-lin-512-2-model-1588007501,1588007511.351,0.72,0.208,0.66,0.2026
conv-32-64-128-lin-512-2-model-1588007501,1588007511.396,0.66,0.2177,0.75,0.1782
conv-32-64-128-lin-512-2-model-1588007501,1588007511.435,0.75,0.1868,0.69,0.1931
conv-32-64-128-lin-512-2-model-1588007501,1588007511.472,0.71,0.2022,0.62,0.2319
conv-32-64-128-lin-512-2-model-1588007501,1588007511.511,0.66,0.212,0.75,0.183
conv-32-64-128-lin-512-2-model-1588007501,1588007511.548,0.69,0.2067,0.66,0.2624
conv-32-64-128-lin-512-2-model-1588007501,1588007511.586,0.64,0.2311,0.69,0.1756
conv-32-64-128-lin-512-2-model-1588007501,1588007511.625,0.58,0.2353,0.59,0.2753
conv-32-64-128-lin-512-2-model-1588007501,1588007511.662,0.66,0.2172,0.72,0.1689
conv-32-64-128-lin-512-2-model-1588007501,1588007511.7,0.66,0.2101,0.62,0.2103
conv-32-64-128-lin-512-2-model-1588007501,1588007511.741,0.67,0.2065,0.69,0.2328
conv-32-64-128-lin-512-2-model-1588007501,1588007511.779,0.55,0.2509,0.69,0.1758
conv-32-64-128-lin-512-2-model-1588007501,1588007511.817,0.7,0.2064,0.62,0.2383
conv-32-64-128-lin-512-2-model-1588007501,1588007511.856,0.61,0.2266,0.75,0.1785
conv-32-64-128-lin-512-2-model-1588007501,1588007511.894,0.65,0.2212,0.66,0.2287
conv-32-64-128-lin-512-2-model-1588007501,1588007511.932,0.75,0.1803,0.56,0.2402
conv-32-64-128-lin-512-2-model-1588007501,1588007511.97,0.6,0.2122,0.81,0.1621
conv-32-64-128-lin-512-2-model-1588007501,1588007512.008,0.65,0.2072,0.75,0.1823
conv-32-64-128-lin-512-2-model-1588007501,1588007512.046,0.65,0.2184,0.62,0.1934
conv-32-64-128-lin-512-2-model-1588007501,1588007512.085,0.74,0.1946,0.69,0.2122
conv-32-64-128-lin-512-2-model-1588007501,1588007512.123,0.69,0.2093,0.66,0.1957
conv-32-64-128-lin-512-2-model-1588007501,1588007512.16,0.57,0.2484,0.62,0.237
conv-32-64-128-lin-512-2-model-1588007501,1588007512.199,0.74,0.2011,0.72,0.1953
conv-32-64-128-lin-512-2-model-1588007501,1588007512.237,0.6,0.2202,0.5,0.2626
conv-32-64-128-lin-512-2-model-1588007501,1588007512.274,0.64,0.2207,0.69,0.1752
conv-32-64-128-lin-512-2-model-1588007501,1588007512.313,0.65,0.2116,0.72,0.1925
conv-32-64-128-lin-512-2-model-1588007501,1588007512.35,0.6,0.2287,0.69,0.1985
conv-32-64-128-lin-512-2-model-1588007501,1588007512.387,0.72,0.1894,0.62,0.2113
conv-32-64-128-lin-512-2-model-1588007501,1588007512.428,0.69,0.2001,0.66,0.2295
conv-32-64-128-lin-512-2-model-1588007501,1588007512.466,0.69,0.2045,0.66,0.2225
conv-32-64-128-lin-512-2-model-1588007501,1588007512.502,0.66,0.2145,0.78,0.1647
conv-32-64-128-lin-512-2-model-1588007501,1588007512.542,0.72,0.1913,0.56,0.2559
conv-32-64-128-lin-512-2-model-1588007501,1588007512.579,0.72,0.2021,0.5,0.2555
conv-32-64-128-lin-512-2-model-1588007501,1588007512.617,0.62,0.2277,0.81,0.169
conv-32-64-128-lin-512-2-model-1588007501,1588007512.656,0.71,0.1976,0.56,0.2695
conv-32-64-128-lin-512-2-model-1588007501,1588007512.693,0.76,0.1835,0.72,0.2015
conv-32-64-128-lin-512-2-model-1588007501,1588007512.731,0.62,0.2287,0.75,0.1851
conv-32-64-128-lin-512-2-model-1588007501,1588007512.77,0.69,0.1911,0.62,0.2315
conv-32-64-128-lin-512-2-model-1588007501,1588007512.807,0.74,0.1901,0.75,0.191
conv-32-64-128-lin-512-2-model-1588007501,1588007512.845,0.64,0.2323,0.59,0.2214
conv-32-64-128-lin-512-2-model-1588007501,1588007512.886,0.63,0.2338,0.72,0.1703
conv-32-64-128-lin-512-2-model-1588007501,1588007512.923,0.64,0.2187,0.66,0.1775
conv-32-64-128-lin-512-2-model-1588007501,1588007512.961,0.73,0.175,0.62,0.2029
conv-32-64-128-lin-512-2-model-1588007501,1588007513.001,0.72,0.1955,0.5,0.2916
conv-32-64-128-lin-512-2-model-1588007501,1588007513.039,0.68,0.1961,0.59,0.2356
conv-32-64-128-lin-512-2-model-1588007501,1588007513.076,0.68,0.2122,0.72,0.1663
conv-32-64-128-lin-512-2-model-1588007501,1588007513.115,0.67,0.1942,0.72,0.2137
conv-32-64-128-lin-512-2-model-1588007501,1588007513.152,0.62,0.2251,0.75,0.1556
conv-32-64-128-lin-512-2-model-1588007501,1588007513.19,0.63,0.2233,0.69,0.208
conv-32-64-128-lin-512-2-model-1588007501,1588007513.228,0.66,0.1968,0.69,0.1831
conv-32-64-128-lin-512-2-model-1588007501,1588007513.266,0.65,0.2074,0.69,0.1683
conv-32-64-128-lin-512-2-model-1588007501,1588007513.303,0.65,0.2182,0.75,0.198
conv-32-64-128-lin-512-2-model-1588007501,1588007513.342,0.73,0.1978,0.62,0.2104
conv-32-64-128-lin-512-2-model-1588007501,1588007513.38,0.68,0.2085,0.69,0.18
conv-32-64-128-lin-512-2-model-1588007501,1588007513.417,0.65,0.2086,0.81,0.1891
conv-32-64-128-lin-512-2-model-1588007501,1588007513.456,0.61,0.2211,0.75,0.2043
conv-32-64-128-lin-512-2-model-1588007501,1588007513.493,0.77,0.1879,0.53,0.2708
conv-32-64-128-lin-512-2-model-1588007501,1588007513.53,0.67,0.2248,0.69,0.1984
conv-32-64-128-lin-512-2-model-1588007501,1588007513.57,0.71,0.2112,0.53,0.2577
conv-32-64-128-lin-512-2-model-1588007501,1588007513.607,0.67,0.2168,0.78,0.1676
conv-32-64-128-lin-512-2-model-1588007501,1588007513.644,0.7,0.1862,0.78,0.1752
conv-32-64-128-lin-512-2-model-1588007501,1588007513.685,0.7,0.1916,0.66,0.2278
conv-32-64-128-lin-512-2-model-1588007501,1588007513.722,0.71,0.2109,0.72,0.2036
conv-32-64-128-lin-512-2-model-1588007501,1588007513.759,0.7,0.2076,0.69,0.1927
conv-32-64-128-lin-512-2-model-1588007501,1588007513.798,0.62,0.225,0.88,0.1311
conv-32-64-128-lin-512-2-model-1588007501,1588007513.836,0.67,0.2044,0.75,0.2044
conv-32-64-128-lin-512-2-model-1588007501,1588007513.873,0.6,0.2277,0.75,0.1674
conv-32-64-128-lin-512-2-model-1588007501,1588007513.912,0.67,0.2053,0.62,0.2347
conv-32-64-128-lin-512-2-model-1588007501,1588007513.949,0.74,0.1736,0.69,0.2123
conv-32-64-128-lin-512-2-model-1588007501,1588007513.987,0.68,0.1984,0.69,0.2103
conv-32-64-128-lin-512-2-model-1588007501,1588007514.026,0.66,0.2164,0.81,0.184
conv-32-64-128-lin-512-2-model-1588007501,1588007514.064,0.71,0.189,0.69,0.1941
conv-32-64-128-lin-512-2-model-1588007501,1588007514.102,0.77,0.168,0.75,0.1818
conv-32-64-128-lin-512-2-model-1588007501,1588007514.141,0.67,0.2186,0.75,0.1917
conv-32-64-128-lin-512-2-model-1588007501,1588007514.178,0.67,0.2147,0.78,0.1784
conv-32-64-128-lin-512-2-model-1588007501,1588007514.216,0.68,0.1868,0.72,0.2018
conv-32-64-128-lin-512-2-model-1588007501,1588007514.255,0.69,0.1939,0.59,0.2176
conv-32-64-128-lin-512-2-model-1588007501,1588007514.292,0.72,0.1812,0.66,0.2248
conv-32-64-128-lin-512-2-model-1588007501,1588007514.33,0.71,0.2015,0.78,0.1775
conv-32-64-128-lin-512-2-model-1588007501,1588007514.369,0.67,0.2148,0.72,0.2221
conv-32-64-128-lin-512-2-model-1588007501,1588007514.406,0.68,0.1897,0.66,0.2232
conv-32-64-128-lin-512-2-model-1588007501,1588007514.443,0.72,0.1897,0.56,0.2445
conv-32-64-128-lin-512-2-model-1588007501,1588007514.483,0.72,0.1832,0.69,0.2414
conv-32-64-128-lin-512-2-model-1588007501,1588007514.52,0.69,0.1928,0.56,0.2822
conv-32-64-128-lin-512-2-model-1588007501,1588007514.557,0.68,0.1877,0.59,0.2466
conv-32-64-128-lin-512-2-model-1588007501,1588007514.596,0.68,0.206,0.75,0.1882
conv-32-64-128-lin-512-2-model-1588007501,1588007514.633,0.68,0.1993,0.78,0.1762
conv-32-64-128-lin-512-2-model-1588007501,1588007514.671,0.59,0.2401,0.59,0.2413
conv-32-64-128-lin-512-2-model-1588007501,1588007514.711,0.71,0.2086,0.69,0.2186
conv-32-64-128-lin-512-2-model-1588007501,1588007514.748,0.76,0.1653,0.53,0.2627
conv-32-64-128-lin-512-2-model-1588007501,1588007514.786,0.7,0.1858,0.72,0.2059
conv-32-64-128-lin-512-2-model-1588007501,1588007514.825,0.68,0.205,0.69,0.1973
conv-32-64-128-lin-512-2-model-1588007501,1588007514.863,0.7,0.1883,0.66,0.2165
conv-32-64-128-lin-512-2-model-1588007501,1588007514.901,0.72,0.208,0.81,0.1617
conv-32-64-128-lin-512-2-model-1588007501,1588007514.939,0.64,0.2137,0.81,0.1772
conv-32-64-128-lin-512-2-model-1588007501,1588007514.977,0.72,0.1799,0.66,0.1977
conv-32-64-128-lin-512-2-model-1588007501,1588007515.014,0.74,0.1847,0.66,0.2137
conv-32-64-128-lin-512-2-model-1588007501,1588007515.053,0.7,0.1887,0.78,0.1617
conv-32-64-128-lin-512-2-model-1588007501,1588007515.091,0.8,0.1628,0.78,0.1516
conv-32-64-128-lin-512-2-model-1588007501,1588007515.128,0.67,0.1938,0.84,0.1213
conv-32-64-128-lin-512-2-model-1588007501,1588007515.167,0.73,0.1775,0.72,0.1933
conv-32-64-128-lin-512-2-model-1588007501,1588007515.204,0.74,0.1641,0.75,0.2105
conv-32-64-128-lin-512-2-model-1588007501,1588007515.242,0.6,0.2465,0.66,0.2042
conv-32-64-128-lin-512-2-model-1588007501,1588007515.282,0.73,0.1898,0.78,0.1567
conv-32-64-128-lin-512-2-model-1588007501,1588007515.32,0.69,0.1818,0.59,0.2167
conv-32-64-128-lin-512-2-model-1588007501,1588007515.357,0.72,0.1695,0.69,0.1917
conv-32-64-128-lin-512-2-model-1588007501,1588007515.396,0.73,0.1651,0.59,0.2491
conv-32-64-128-lin-512-2-model-1588007501,1588007515.434,0.74,0.1833,0.56,0.2748
conv-32-64-128-lin-512-2-model-1588007501,1588007515.471,0.72,0.1912,0.69,0.1861
conv-32-64-128-lin-512-2-model-1588007501,1588007515.51,0.7,0.1943,0.66,0.21
conv-32-64-128-lin-512-2-model-1588007501,1588007515.547,0.65,0.2321,0.69,0.1809
conv-32-64-128-lin-512-2-model-1588007501,1588007515.584,0.73,0.1605,0.59,0.2282
conv-32-64-128-lin-512-2-model-1588007501,1588007515.623,0.74,0.1823,0.69,0.1912
conv-32-64-128-lin-512-2-model-1588007501,1588007515.661,0.67,0.2042,0.66,0.2099
conv-32-64-128-lin-512-2-model-1588007501,1588007515.698,0.77,0.1645,0.72,0.1616
conv-32-64-128-lin-512-2-model-1588007501,1588007515.739,0.71,0.1843,0.59,0.274
conv-32-64-128-lin-512-2-model-1588007501,1588007515.776,0.72,0.1882,0.75,0.1555
conv-32-64-128-lin-512-2-model-1588007501,1588007515.813,0.77,0.1716,0.66,0.2241
conv-32-64-128-lin-512-2-model-1588007501,1588007515.855,0.72,0.1957,0.78,0.1471
conv-32-64-128-lin-512-2-model-1588007501,1588007515.892,0.65,0.214,0.53,0.276
conv-32-64-128-lin-512-2-model-1588007501,1588007515.929,0.59,0.2288,0.53,0.2462
conv-32-64-128-lin-512-2-model-1588007501,1588007515.969,0.69,0.2185,0.56,0.2386
conv-32-64-128-lin-512-2-model-1588007501,1588007516.006,0.71,0.2055,0.75,0.1778
conv-32-64-128-lin-512-2-model-1588007501,1588007516.043,0.75,0.1677,0.59,0.2287
conv-32-64-128-lin-512-2-model-1588007501,1588007516.083,0.66,0.1979,0.72,0.2072
conv-32-64-128-lin-512-2-model-1588007501,1588007516.12,0.75,0.1666,0.78,0.163
conv-32-64-128-lin-512-2-model-1588007501,1588007516.158,0.74,0.1796,0.75,0.1478
conv-32-64-128-lin-512-2-model-1588007501,1588007516.196,0.69,0.1763,0.69,0.1979
conv-32-64-128-lin-512-2-model-1588007501,1588007516.234,0.76,0.1759,0.75,0.1551
conv-32-64-128-lin-512-2-model-1588007501,1588007516.271,0.74,0.1742,0.72,0.2119
conv-32-64-128-lin-512-2-model-1588007501,1588007516.31,0.68,0.1934,0.69,0.219
conv-32-64-128-lin-512-2-model-1588007501,1588007516.348,0.66,0.1941,0.75,0.1791
conv-32-64-128-lin-512-2-model-1588007501,1588007516.385,0.64,0.2077,0.66,0.2276
conv-32-64-128-lin-512-2-model-1588007501,1588007516.424,0.71,0.1978,0.69,0.2067
conv-32-64-128-lin-512-2-model-1588007501,1588007516.462,0.69,0.1955,0.78,0.1851
conv-32-64-128-lin-512-2-model-1588007501,1588007516.499,0.75,0.1638,0.72,0.2085
conv-32-64-128-lin-512-2-model-1588007501,1588007516.539,0.71,0.2048,0.75,0.1758
conv-32-64-128-lin-512-2-model-1588007501,1588007516.576,0.75,0.1851,0.59,0.2239
conv-32-64-128-lin-512-2-model-1588007501,1588007516.614,0.8,0.1421,0.53,0.2492
conv-32-64-128-lin-512-2-model-1588007501,1588007516.653,0.68,0.1991,0.78,0.1735
conv-32-64-128-lin-512-2-model-1588007501,1588007516.69,0.73,0.203,0.69,0.2206
conv-32-64-128-lin-512-2-model-1588007501,1588007516.728,0.73,0.1835,0.69,0.202
conv-32-64-128-lin-512-2-model-1588007501,1588007516.767,0.75,0.1824,0.72,0.1661
conv-32-64-128-lin-512-2-model-1588007501,1588007516.804,0.71,0.2034,0.72,0.1984
conv-32-64-128-lin-512-2-model-1588007501,1588007516.841,0.66,0.2257,0.69,0.1786
conv-32-64-128-lin-512-2-model-1588007501,1588007516.88,0.68,0.2207,0.56,0.251
conv-32-64-128-lin-512-2-model-1588007501,1588007516.918,0.65,0.1995,0.66,0.2088
conv-32-64-128-lin-512-2-model-1588007501,1588007516.955,0.78,0.1681,0.75,0.2028
conv-32-64-128-lin-512-2-model-1588007501,1588007516.996,0.78,0.1558,0.66,0.2143
conv-32-64-128-lin-512-2-model-1588007501,1588007517.033,0.74,0.1775,0.75,0.2007
conv-32-64-128-lin-512-2-model-1588007501,1588007517.07,0.71,0.1785,0.75,0.1773
conv-32-64-128-lin-512-2-model-1588007501,1588007517.11,0.65,0.2205,0.78,0.1424
conv-32-64-128-lin-512-2-model-1588007501,1588007517.147,0.73,0.1872,0.66,0.2167
conv-32-64-128-lin-512-2-model-1588007501,1588007517.184,0.68,0.21,0.69,0.1959
conv-32-64-128-lin-512-2-model-1588007501,1588007517.223,0.76,0.1665,0.88,0.1454
conv-32-64-128-lin-512-2-model-1588007501,1588007517.26,0.65,0.2286,0.72,0.1818
conv-32-64-128-lin-512-2-model-1588007501,1588007517.298,0.87,0.1511,0.66,0.1882
conv-32-64-128-lin-512-2-model-1588007501,1588007517.337,0.65,0.1983,0.69,0.1751
conv-32-64-128-lin-512-2-model-1588007501,1588007517.375,0.74,0.1791,0.78,0.1616
conv-32-64-128-lin-512-2-model-1588007501,1588007517.412,0.7,0.1965,0.72,0.1848
conv-32-64-128-lin-512-2-model-1588007501,1588007517.451,0.58,0.2317,0.72,0.1832
conv-32-64-128-lin-512-2-model-1588007501,1588007517.488,0.69,0.1974,0.62,0.2082
conv-32-64-128-lin-512-2-model-1588007501,1588007517.525,0.74,0.1697,0.66,0.2352
conv-32-64-128-lin-512-2-model-1588007501,1588007517.564,0.7,0.1917,0.88,0.1496
conv-32-64-128-lin-512-2-model-1588007501,1588007517.602,0.77,0.1814,0.69,0.2044
conv-32-64-128-lin-512-2-model-1588007501,1588007517.639,0.64,0.226,0.72,0.1552
conv-32-64-128-lin-512-2-model-1588007501,1588007517.678,0.69,0.1857,0.66,0.216
conv-32-64-128-lin-512-2-model-1588007501,1588007517.716,0.72,0.1769,0.69,0.1913
conv-32-64-128-lin-512-2-model-1588007501,1588007517.753,0.71,0.177,0.66,0.2415
conv-32-64-128-lin-512-2-model-1588007501,1588007517.792,0.72,0.1872,0.62,0.2281
conv-32-64-128-lin-512-2-model-1588007501,1588007517.829,0.71,0.1905,0.53,0.2564
conv-32-64-128-lin-512-2-model-1588007501,1588007517.866,0.65,0.1996,0.75,0.1726
conv-32-64-128-lin-512-2-model-1588007501,1588007517.905,0.69,0.1969,0.78,0.1875
conv-32-64-128-lin-512-2-model-1588007501,1588007517.943,0.7,0.1837,0.75,0.1875
conv-32-64-128-lin-512-2-model-1588007501,1588007517.98,0.64,0.2102,0.75,0.1645
conv-32-64-128-lin-512-2-model-1588007501,1588007518.019,0.69,0.205,0.56,0.2466
conv-32-64-128-lin-512-2-model-1588007501,1588007518.058,0.66,0.2097,0.72,0.1821
conv-32-64-128-lin-512-2-model-1588007501,1588007518.095,0.73,0.1846,0.56,0.2434
conv-32-64-128-lin-512-2-model-1588007501,1588007518.134,0.66,0.2118,0.69,0.1871
conv-32-64-128-lin-512-2-model-1588007501,1588007518.172,0.7,0.1903,0.72,0.215
conv-32-64-128-lin-512-2-model-1588007501,1588007518.209,0.77,0.1619,0.59,0.2547
conv-32-64-128-lin-512-2-model-1588007501,1588007518.248,0.72,0.1894,0.72,0.18
conv-32-64-128-lin-512-2-model-1588007501,1588007518.285,0.72,0.1772,0.78,0.1656
conv-32-64-128-lin-512-2-model-1588007501,1588007518.322,0.69,0.1992,0.69,0.2081
conv-32-64-128-lin-512-2-model-1588007501,1588007518.361,0.77,0.1709,0.69,0.1748
conv-32-64-128-lin-512-2-model-1588007501,1588007518.399,0.72,0.1879,0.72,0.2029
conv-32-64-128-lin-512-2-model-1588007501,1588007518.413,0.86,0.207,0.81,0.1478
